{
  "/home/ubuntupunk/Projects/soralia-village/src/components/admin/ContentForm.tsx": {
    "path": "/home/ubuntupunk/Projects/soralia-village/src/components/admin/ContentForm.tsx",
    "statementMap": {
      "0": { "start": { "line": 1, "column": 0 }, "end": { "line": 1, "column": null } },
      "1": { "start": { "line": 15, "column": 19 }, "end": { "line": 20, "column": null } },
      "2": { "start": { "line": 23, "column": 8 }, "end": { "line": 23, "column": 28 } },
      "3": { "start": { "line": 30, "column": 25 }, "end": { "line": 42, "column": 4 } },
      "4": { "start": { "line": 44, "column": 19 }, "end": { "line": 60, "column": null } },
      "5": { "start": { "line": 45, "column": 4 }, "end": { "line": 60, "column": null } },
      "6": { "start": { "line": 46, "column": 21 }, "end": { "line": 46, "column": null } },
      "7": { "start": { "line": 47, "column": 18 }, "end": { "line": 47, "column": null } },
      "8": { "start": { "line": 49, "column": 18 }, "end": { "line": 53, "column": 8 } },
      "9": { "start": { "line": 55, "column": 6 }, "end": { "line": 57, "column": null } },
      "10": { "start": { "line": 56, "column": 8 }, "end": { "line": 56, "column": null } },
      "11": { "start": { "line": 57, "column": 8 }, "end": { "line": 57, "column": null } },
      "12": { "start": { "line": 60, "column": 6 }, "end": { "line": 60, "column": null } },
      "13": { "start": { "line": 64, "column": 18 }, "end": { "line": 64, "column": 34 } },
      "14": { "start": { "line": 66, "column": 2 }, "end": { "line": 171, "column": null } },
      "15": { "start": { "line": 86, "column": 14 }, "end": { "line": 88, "column": null } },
      "16": { "start": { "line": 104, "column": 16 }, "end": { "line": 106, "column": null } },
      "17": { "start": { "line": 152, "column": 28 }, "end": { "line": 152, "column": null } },
      "18": { "start": { "line": 160, "column": 25 }, "end": { "line": 160, "column": 38 } }
    },
    "fnMap": {
      "0": {
        "name": "ContentForm",
        "decl": { "start": { "line": 22, "column": 16 }, "end": { "line": 22, "column": 28 } },
        "loc": { "start": { "line": 22, "column": 76 }, "end": { "line": 171, "column": null } },
        "line": 22
      },
      "1": {
        "name": "(anonymous_1)",
        "decl": { "start": { "line": 44, "column": 19 }, "end": { "line": 44, "column": 26 } },
        "loc": { "start": { "line": 44, "column": 52 }, "end": { "line": 60, "column": null } },
        "line": 44
      },
      "2": {
        "name": "(anonymous_2)",
        "decl": { "start": { "line": 85, "column": 24 }, "end": { "line": 85, "column": 28 } },
        "loc": { "start": { "line": 86, "column": 14 }, "end": { "line": 88, "column": null } },
        "line": 86
      },
      "3": {
        "name": "(anonymous_3)",
        "decl": { "start": { "line": 103, "column": 22 }, "end": { "line": 103, "column": 26 } },
        "loc": { "start": { "line": 104, "column": 16 }, "end": { "line": 106, "column": null } },
        "line": 104
      },
      "4": {
        "name": "(anonymous_4)",
        "decl": { "start": { "line": 152, "column": 10 }, "end": { "line": 152, "column": 20 } },
        "loc": { "start": { "line": 152, "column": 28 }, "end": { "line": 152, "column": null } },
        "line": 152
      },
      "5": {
        "name": "(anonymous_5)",
        "decl": { "start": { "line": 160, "column": 10 }, "end": { "line": 160, "column": 25 } },
        "loc": { "start": { "line": 160, "column": 25 }, "end": { "line": 160, "column": 38 } },
        "line": 160
      }
    },
    "branchMap": {
      "0": {
        "loc": { "start": { "line": 22, "column": 43 }, "end": { "line": 22, "column": 54 } },
        "type": "default-arg",
        "locations": [
          { "start": { "line": 22, "column": 52 }, "end": { "line": 22, "column": 54 } }
        ],
        "line": 22
      },
      "1": {
        "loc": { "start": { "line": 34, "column": 13 }, "end": { "line": 34, "column": null } },
        "type": "binary-expr",
        "locations": [
          { "start": { "line": 34, "column": 13 }, "end": { "line": 34, "column": 35 } },
          { "start": { "line": 34, "column": 35 }, "end": { "line": 34, "column": null } }
        ],
        "line": 34
      },
      "2": {
        "loc": { "start": { "line": 35, "column": 15 }, "end": { "line": 35, "column": null } },
        "type": "binary-expr",
        "locations": [
          { "start": { "line": 35, "column": 15 }, "end": { "line": 35, "column": 39 } },
          { "start": { "line": 35, "column": 39 }, "end": { "line": 35, "column": null } }
        ],
        "line": 35
      },
      "3": {
        "loc": { "start": { "line": 36, "column": 15 }, "end": { "line": 36, "column": null } },
        "type": "binary-expr",
        "locations": [
          { "start": { "line": 36, "column": 15 }, "end": { "line": 36, "column": 39 } },
          { "start": { "line": 36, "column": 39 }, "end": { "line": 36, "column": null } }
        ],
        "line": 36
      },
      "4": {
        "loc": { "start": { "line": 37, "column": 16 }, "end": { "line": 37, "column": null } },
        "type": "binary-expr",
        "locations": [
          { "start": { "line": 37, "column": 16 }, "end": { "line": 37, "column": 41 } },
          { "start": { "line": 37, "column": 41 }, "end": { "line": 37, "column": null } }
        ],
        "line": 37
      },
      "5": {
        "loc": { "start": { "line": 38, "column": 15 }, "end": { "line": 38, "column": null } },
        "type": "binary-expr",
        "locations": [
          { "start": { "line": 38, "column": 15 }, "end": { "line": 38, "column": 39 } },
          { "start": { "line": 38, "column": 39 }, "end": { "line": 38, "column": null } }
        ],
        "line": 38
      },
      "6": {
        "loc": { "start": { "line": 39, "column": 16 }, "end": { "line": 39, "column": null } },
        "type": "binary-expr",
        "locations": [
          { "start": { "line": 39, "column": 16 }, "end": { "line": 39, "column": 41 } },
          { "start": { "line": 39, "column": 41 }, "end": { "line": 39, "column": null } }
        ],
        "line": 39
      },
      "7": {
        "loc": { "start": { "line": 40, "column": 17 }, "end": { "line": 40, "column": null } },
        "type": "binary-expr",
        "locations": [
          { "start": { "line": 40, "column": 17 }, "end": { "line": 40, "column": 43 } },
          { "start": { "line": 40, "column": 43 }, "end": { "line": 40, "column": null } }
        ],
        "line": 40
      },
      "8": {
        "loc": { "start": { "line": 46, "column": 21 }, "end": { "line": 46, "column": null } },
        "type": "cond-expr",
        "locations": [
          { "start": { "line": 46, "column": 39 }, "end": { "line": 46, "column": 49 } },
          { "start": { "line": 46, "column": 49 }, "end": { "line": 46, "column": null } }
        ],
        "line": 46
      },
      "9": {
        "loc": { "start": { "line": 47, "column": 18 }, "end": { "line": 47, "column": null } },
        "type": "cond-expr",
        "locations": [
          { "start": { "line": 47, "column": 36 }, "end": { "line": 47, "column": 71 } },
          { "start": { "line": 47, "column": 71 }, "end": { "line": 47, "column": null } }
        ],
        "line": 47
      },
      "10": {
        "loc": { "start": { "line": 55, "column": 6 }, "end": { "line": 57, "column": null } },
        "type": "if",
        "locations": [
          { "start": { "line": 55, "column": 6 }, "end": { "line": 57, "column": null } },
          { "start": {}, "end": {} }
        ],
        "line": 55
      },
      "11": {
        "loc": { "start": { "line": 75, "column": 9 }, "end": { "line": 75, "column": null } },
        "type": "binary-expr",
        "locations": [
          { "start": { "line": 75, "column": 9 }, "end": { "line": 75, "column": 25 } },
          { "start": { "line": 75, "column": 25 }, "end": { "line": 75, "column": null } }
        ],
        "line": 75
      },
      "12": {
        "loc": { "start": { "line": 93, "column": 9 }, "end": { "line": 109, "column": null } },
        "type": "binary-expr",
        "locations": [
          { "start": { "line": 93, "column": 9 }, "end": { "line": 93, "column": null } },
          { "start": { "line": 94, "column": 10 }, "end": { "line": 109, "column": null } }
        ],
        "line": 93
      },
      "13": {
        "loc": { "start": { "line": 145, "column": 9 }, "end": { "line": 145, "column": null } },
        "type": "binary-expr",
        "locations": [
          { "start": { "line": 145, "column": 9 }, "end": { "line": 145, "column": 27 } },
          { "start": { "line": 145, "column": 27 }, "end": { "line": 145, "column": null } }
        ],
        "line": 145
      },
      "14": {
        "loc": { "start": { "line": 151, "column": 19 }, "end": { "line": 151, "column": null } },
        "type": "binary-expr",
        "locations": [
          { "start": { "line": 151, "column": 19 }, "end": { "line": 151, "column": 30 } },
          { "start": { "line": 151, "column": 30 }, "end": { "line": 151, "column": null } }
        ],
        "line": 151
      },
      "15": {
        "loc": { "start": { "line": 154, "column": 9 }, "end": { "line": 154, "column": null } },
        "type": "binary-expr",
        "locations": [
          { "start": { "line": 154, "column": 9 }, "end": { "line": 154, "column": 27 } },
          { "start": { "line": 154, "column": 27 }, "end": { "line": 154, "column": null } }
        ],
        "line": 154
      },
      "16": {
        "loc": { "start": { "line": 170, "column": 11 }, "end": { "line": 170, "column": null } },
        "type": "cond-expr",
        "locations": [
          { "start": { "line": 170, "column": 26 }, "end": { "line": 170, "column": 40 } },
          { "start": { "line": 170, "column": 40 }, "end": { "line": 170, "column": null } }
        ],
        "line": 170
      }
    },
    "s": {
      "0": 0,
      "1": 0,
      "2": 0,
      "3": 0,
      "4": 0,
      "5": 0,
      "6": 0,
      "7": 0,
      "8": 0,
      "9": 0,
      "10": 0,
      "11": 0,
      "12": 0,
      "13": 0,
      "14": 0,
      "15": 0,
      "16": 0,
      "17": 0,
      "18": 0
    },
    "f": { "0": 0, "1": 0, "2": 0, "3": 0, "4": 0, "5": 0 },
    "b": {
      "0": [0],
      "1": [0, 0],
      "2": [0, 0],
      "3": [0, 0],
      "4": [0, 0],
      "5": [0, 0],
      "6": [0, 0],
      "7": [0, 0],
      "8": [0, 0],
      "9": [0, 0],
      "10": [0, 0],
      "11": [0, 0],
      "12": [0, 0],
      "13": [0, 0],
      "14": [0, 0],
      "15": [0, 0],
      "16": [0, 0]
    },
    "meta": {
      "lastBranch": 17,
      "lastFunction": 6,
      "lastStatement": 19,
      "seen": {
        "s:1:0:1:Infinity": 0,
        "s:15:19:20:Infinity": 1,
        "f:22:16:22:28": 0,
        "b:22:52:22:54": 0,
        "s:23:8:23:28": 2,
        "s:30:25:42:4": 3,
        "b:34:13:34:35:34:35:34:Infinity": 1,
        "b:35:15:35:39:35:39:35:Infinity": 2,
        "b:36:15:36:39:36:39:36:Infinity": 3,
        "b:37:16:37:41:37:41:37:Infinity": 4,
        "b:38:15:38:39:38:39:38:Infinity": 5,
        "b:39:16:39:41:39:41:39:Infinity": 6,
        "b:40:17:40:43:40:43:40:Infinity": 7,
        "s:44:19:60:Infinity": 4,
        "f:44:19:44:26": 1,
        "s:45:4:60:Infinity": 5,
        "s:46:21:46:Infinity": 6,
        "b:46:39:46:49:46:49:46:Infinity": 8,
        "s:47:18:47:Infinity": 7,
        "b:47:36:47:71:47:71:47:Infinity": 9,
        "s:49:18:53:8": 8,
        "b:55:6:57:Infinity:undefined:undefined:undefined:undefined": 10,
        "s:55:6:57:Infinity": 9,
        "s:56:8:56:Infinity": 10,
        "s:57:8:57:Infinity": 11,
        "s:60:6:60:Infinity": 12,
        "s:64:18:64:34": 13,
        "s:66:2:171:Infinity": 14,
        "b:75:9:75:25:75:25:75:Infinity": 11,
        "f:85:24:85:28": 2,
        "s:86:14:88:Infinity": 15,
        "b:93:9:93:Infinity:94:10:109:Infinity": 12,
        "f:103:22:103:26": 3,
        "s:104:16:106:Infinity": 16,
        "b:145:9:145:27:145:27:145:Infinity": 13,
        "b:151:19:151:30:151:30:151:Infinity": 14,
        "f:152:10:152:20": 4,
        "s:152:28:152:Infinity": 17,
        "b:154:9:154:27:154:27:154:Infinity": 15,
        "f:160:10:160:25": 5,
        "s:160:25:160:38": 18,
        "b:170:26:170:40:170:40:170:Infinity": 16
      }
    }
  },
  "/home/ubuntupunk/Projects/soralia-village/src/components/admin/GroupForm.tsx": {
    "path": "/home/ubuntupunk/Projects/soralia-village/src/components/admin/GroupForm.tsx",
    "statementMap": {
      "0": { "start": { "line": 1, "column": 0 }, "end": { "line": 1, "column": null } },
      "1": { "start": { "line": 8, "column": 19 }, "end": { "line": 18, "column": null } },
      "2": { "start": { "line": 25, "column": 8 }, "end": { "line": 25, "column": 28 } },
      "3": { "start": { "line": 30, "column": 25 }, "end": { "line": 39, "column": 4 } },
      "4": { "start": { "line": 41, "column": 19 }, "end": { "line": 57, "column": null } },
      "5": { "start": { "line": 42, "column": 4 }, "end": { "line": 57, "column": null } },
      "6": { "start": { "line": 43, "column": 21 }, "end": { "line": 43, "column": null } },
      "7": { "start": { "line": 44, "column": 18 }, "end": { "line": 44, "column": null } },
      "8": { "start": { "line": 46, "column": 18 }, "end": { "line": 50, "column": 8 } },
      "9": { "start": { "line": 52, "column": 6 }, "end": { "line": 54, "column": null } },
      "10": { "start": { "line": 53, "column": 8 }, "end": { "line": 53, "column": null } },
      "11": { "start": { "line": 54, "column": 8 }, "end": { "line": 54, "column": null } },
      "12": { "start": { "line": 57, "column": 6 }, "end": { "line": 57, "column": null } },
      "13": { "start": { "line": 61, "column": 2 }, "end": { "line": 129, "column": null } },
      "14": { "start": { "line": 94, "column": 14 }, "end": { "line": 96, "column": null } },
      "15": { "start": { "line": 118, "column": 25 }, "end": { "line": 118, "column": 38 } }
    },
    "fnMap": {
      "0": {
        "name": "GroupForm",
        "decl": { "start": { "line": 24, "column": 16 }, "end": { "line": 24, "column": 26 } },
        "loc": { "start": { "line": 24, "column": 59 }, "end": { "line": 129, "column": null } },
        "line": 24
      },
      "1": {
        "name": "(anonymous_1)",
        "decl": { "start": { "line": 41, "column": 19 }, "end": { "line": 41, "column": 26 } },
        "loc": { "start": { "line": 41, "column": 50 }, "end": { "line": 57, "column": null } },
        "line": 41
      },
      "2": {
        "name": "(anonymous_2)",
        "decl": { "start": { "line": 93, "column": 24 }, "end": { "line": 93, "column": 28 } },
        "loc": { "start": { "line": 94, "column": 14 }, "end": { "line": 96, "column": null } },
        "line": 94
      },
      "3": {
        "name": "(anonymous_3)",
        "decl": { "start": { "line": 118, "column": 10 }, "end": { "line": 118, "column": 25 } },
        "loc": { "start": { "line": 118, "column": 25 }, "end": { "line": 118, "column": 38 } },
        "line": 118
      }
    },
    "branchMap": {
      "0": {
        "loc": { "start": { "line": 34, "column": 12 }, "end": { "line": 34, "column": null } },
        "type": "binary-expr",
        "locations": [
          { "start": { "line": 34, "column": 12 }, "end": { "line": 34, "column": 33 } },
          { "start": { "line": 34, "column": 33 }, "end": { "line": 34, "column": null } }
        ],
        "line": 34
      },
      "1": {
        "loc": { "start": { "line": 35, "column": 19 }, "end": { "line": 35, "column": null } },
        "type": "binary-expr",
        "locations": [
          { "start": { "line": 35, "column": 19 }, "end": { "line": 35, "column": 47 } },
          { "start": { "line": 35, "column": 47 }, "end": { "line": 35, "column": null } }
        ],
        "line": 35
      },
      "2": {
        "loc": { "start": { "line": 36, "column": 16 }, "end": { "line": 36, "column": null } },
        "type": "binary-expr",
        "locations": [
          { "start": { "line": 36, "column": 16 }, "end": { "line": 36, "column": 41 } },
          { "start": { "line": 36, "column": 41 }, "end": { "line": 36, "column": null } }
        ],
        "line": 36
      },
      "3": {
        "loc": { "start": { "line": 37, "column": 16 }, "end": { "line": 37, "column": null } },
        "type": "binary-expr",
        "locations": [
          { "start": { "line": 37, "column": 16 }, "end": { "line": 37, "column": 41 } },
          { "start": { "line": 37, "column": 41 }, "end": { "line": 37, "column": null } }
        ],
        "line": 37
      },
      "4": {
        "loc": { "start": { "line": 43, "column": 21 }, "end": { "line": 43, "column": null } },
        "type": "cond-expr",
        "locations": [
          { "start": { "line": 43, "column": 39 }, "end": { "line": 43, "column": 49 } },
          { "start": { "line": 43, "column": 49 }, "end": { "line": 43, "column": null } }
        ],
        "line": 43
      },
      "5": {
        "loc": { "start": { "line": 44, "column": 18 }, "end": { "line": 44, "column": null } },
        "type": "cond-expr",
        "locations": [
          { "start": { "line": 44, "column": 36 }, "end": { "line": 44, "column": 70 } },
          { "start": { "line": 44, "column": 70 }, "end": { "line": 44, "column": null } }
        ],
        "line": 44
      },
      "6": {
        "loc": { "start": { "line": 52, "column": 6 }, "end": { "line": 54, "column": null } },
        "type": "if",
        "locations": [
          { "start": { "line": 52, "column": 6 }, "end": { "line": 54, "column": null } },
          { "start": {}, "end": {} }
        ],
        "line": 52
      },
      "7": {
        "loc": { "start": { "line": 70, "column": 9 }, "end": { "line": 70, "column": null } },
        "type": "binary-expr",
        "locations": [
          { "start": { "line": 70, "column": 9 }, "end": { "line": 70, "column": 24 } },
          { "start": { "line": 70, "column": 24 }, "end": { "line": 70, "column": null } }
        ],
        "line": 70
      },
      "8": {
        "loc": { "start": { "line": 81, "column": 9 }, "end": { "line": 82, "column": null } },
        "type": "binary-expr",
        "locations": [
          { "start": { "line": 81, "column": 9 }, "end": { "line": 81, "column": null } },
          { "start": { "line": 82, "column": 10 }, "end": { "line": 82, "column": null } }
        ],
        "line": 81
      },
      "9": {
        "loc": { "start": { "line": 128, "column": 11 }, "end": { "line": 128, "column": null } },
        "type": "cond-expr",
        "locations": [
          { "start": { "line": 128, "column": 26 }, "end": { "line": 128, "column": 40 } },
          { "start": { "line": 128, "column": 40 }, "end": { "line": 128, "column": null } }
        ],
        "line": 128
      }
    },
    "s": {
      "0": 0,
      "1": 0,
      "2": 0,
      "3": 0,
      "4": 0,
      "5": 0,
      "6": 0,
      "7": 0,
      "8": 0,
      "9": 0,
      "10": 0,
      "11": 0,
      "12": 0,
      "13": 0,
      "14": 0,
      "15": 0
    },
    "f": { "0": 0, "1": 0, "2": 0, "3": 0 },
    "b": {
      "0": [0, 0],
      "1": [0, 0],
      "2": [0, 0],
      "3": [0, 0],
      "4": [0, 0],
      "5": [0, 0],
      "6": [0, 0],
      "7": [0, 0],
      "8": [0, 0],
      "9": [0, 0]
    },
    "meta": {
      "lastBranch": 10,
      "lastFunction": 4,
      "lastStatement": 16,
      "seen": {
        "s:1:0:1:Infinity": 0,
        "s:8:19:18:Infinity": 1,
        "f:24:16:24:26": 0,
        "s:25:8:25:28": 2,
        "s:30:25:39:4": 3,
        "b:34:12:34:33:34:33:34:Infinity": 0,
        "b:35:19:35:47:35:47:35:Infinity": 1,
        "b:36:16:36:41:36:41:36:Infinity": 2,
        "b:37:16:37:41:37:41:37:Infinity": 3,
        "s:41:19:57:Infinity": 4,
        "f:41:19:41:26": 1,
        "s:42:4:57:Infinity": 5,
        "s:43:21:43:Infinity": 6,
        "b:43:39:43:49:43:49:43:Infinity": 4,
        "s:44:18:44:Infinity": 7,
        "b:44:36:44:70:44:70:44:Infinity": 5,
        "s:46:18:50:8": 8,
        "b:52:6:54:Infinity:undefined:undefined:undefined:undefined": 6,
        "s:52:6:54:Infinity": 9,
        "s:53:8:53:Infinity": 10,
        "s:54:8:54:Infinity": 11,
        "s:57:6:57:Infinity": 12,
        "s:61:2:129:Infinity": 13,
        "b:70:9:70:24:70:24:70:Infinity": 7,
        "b:81:9:81:Infinity:82:10:82:Infinity": 8,
        "f:93:24:93:28": 2,
        "s:94:14:96:Infinity": 14,
        "f:118:10:118:25": 3,
        "s:118:25:118:38": 15,
        "b:128:26:128:40:128:40:128:Infinity": 9
      }
    }
  },
  "/home/ubuntupunk/Projects/soralia-village/src/components/auth/AuthCheck.tsx": {
    "path": "/home/ubuntupunk/Projects/soralia-village/src/components/auth/AuthCheck.tsx",
    "statementMap": {
      "0": { "start": { "line": 1, "column": 0 }, "end": { "line": 1, "column": null } },
      "1": { "start": { "line": 8, "column": 50 }, "end": { "line": 8, "column": 73 } },
      "2": { "start": { "line": 9, "column": 8 }, "end": { "line": 9, "column": 28 } },
      "3": { "start": { "line": 11, "column": 2 }, "end": { "line": 15, "column": null } },
      "4": { "start": { "line": 12, "column": 4 }, "end": { "line": 13, "column": null } },
      "5": { "start": { "line": 13, "column": 6 }, "end": { "line": 13, "column": null } },
      "6": { "start": { "line": 17, "column": 2 }, "end": { "line": 18, "column": null } },
      "7": { "start": { "line": 18, "column": 4 }, "end": { "line": 18, "column": null } },
      "8": { "start": { "line": 21, "column": 2 }, "end": { "line": 22, "column": null } },
      "9": { "start": { "line": 22, "column": 4 }, "end": { "line": 22, "column": null } },
      "10": { "start": { "line": 25, "column": 2 }, "end": { "line": 25, "column": null } }
    },
    "fnMap": {
      "0": {
        "name": "AuthCheck",
        "decl": { "start": { "line": 7, "column": 16 }, "end": { "line": 7, "column": 26 } },
        "loc": { "start": { "line": 7, "column": 71 }, "end": { "line": 25, "column": null } },
        "line": 7
      },
      "1": {
        "name": "(anonymous_1)",
        "decl": { "start": { "line": 11, "column": 2 }, "end": { "line": 11, "column": 18 } },
        "loc": { "start": { "line": 11, "column": 18 }, "end": { "line": 15, "column": 6 } },
        "line": 11
      }
    },
    "branchMap": {
      "0": {
        "loc": { "start": { "line": 12, "column": 4 }, "end": { "line": 13, "column": null } },
        "type": "if",
        "locations": [
          { "start": { "line": 12, "column": 4 }, "end": { "line": 13, "column": null } },
          { "start": {}, "end": {} }
        ],
        "line": 12
      },
      "1": {
        "loc": { "start": { "line": 12, "column": 8 }, "end": { "line": 12, "column": 32 } },
        "type": "binary-expr",
        "locations": [
          { "start": { "line": 12, "column": 8 }, "end": { "line": 12, "column": 22 } },
          { "start": { "line": 12, "column": 22 }, "end": { "line": 12, "column": 32 } }
        ],
        "line": 12
      },
      "2": {
        "loc": { "start": { "line": 17, "column": 2 }, "end": { "line": 18, "column": null } },
        "type": "if",
        "locations": [
          { "start": { "line": 17, "column": 2 }, "end": { "line": 18, "column": null } },
          { "start": {}, "end": {} }
        ],
        "line": 17
      },
      "3": {
        "loc": { "start": { "line": 21, "column": 2 }, "end": { "line": 22, "column": null } },
        "type": "if",
        "locations": [
          { "start": { "line": 21, "column": 2 }, "end": { "line": 22, "column": null } },
          { "start": {}, "end": {} }
        ],
        "line": 21
      }
    },
    "s": {
      "0": 0,
      "1": 0,
      "2": 0,
      "3": 0,
      "4": 0,
      "5": 0,
      "6": 0,
      "7": 0,
      "8": 0,
      "9": 0,
      "10": 0
    },
    "f": { "0": 0, "1": 0 },
    "b": { "0": [0, 0], "1": [0, 0], "2": [0, 0], "3": [0, 0] },
    "meta": {
      "lastBranch": 4,
      "lastFunction": 2,
      "lastStatement": 11,
      "seen": {
        "s:1:0:1:Infinity": 0,
        "f:7:16:7:26": 0,
        "s:8:50:8:73": 1,
        "s:9:8:9:28": 2,
        "s:11:2:15:Infinity": 3,
        "f:11:2:11:18": 1,
        "b:12:4:13:Infinity:undefined:undefined:undefined:undefined": 0,
        "s:12:4:13:Infinity": 4,
        "b:12:8:12:22:12:22:12:32": 1,
        "s:13:6:13:Infinity": 5,
        "b:17:2:18:Infinity:undefined:undefined:undefined:undefined": 2,
        "s:17:2:18:Infinity": 6,
        "s:18:4:18:Infinity": 7,
        "b:21:2:22:Infinity:undefined:undefined:undefined:undefined": 3,
        "s:21:2:22:Infinity": 8,
        "s:22:4:22:Infinity": 9,
        "s:25:2:25:Infinity": 10
      }
    }
  },
  "/home/ubuntupunk/Projects/soralia-village/src/components/booking/BookingForm.tsx": {
    "path": "/home/ubuntupunk/Projects/soralia-village/src/components/booking/BookingForm.tsx",
    "statementMap": {
      "0": { "start": { "line": 1, "column": 0 }, "end": { "line": 1, "column": null } },
      "1": { "start": { "line": 17, "column": 19 }, "end": { "line": 24, "column": null } },
      "2": { "start": { "line": 27, "column": 19 }, "end": { "line": 33, "column": 4 } },
      "3": { "start": { "line": 34, "column": 21 }, "end": { "line": 34, "column": 53 } },
      "4": { "start": { "line": 35, "column": 16 }, "end": { "line": 35, "column": 40 } },
      "5": { "start": { "line": 37, "column": 23 }, "end": { "line": 62, "column": null } },
      "6": { "start": { "line": 38, "column": 4 }, "end": { "line": 38, "column": null } },
      "7": { "start": { "line": 39, "column": 4 }, "end": { "line": 39, "column": null } },
      "8": { "start": { "line": 40, "column": 4 }, "end": { "line": 40, "column": null } },
      "9": { "start": { "line": 42, "column": 4 }, "end": { "line": 62, "column": null } },
      "10": { "start": { "line": 43, "column": 6 }, "end": { "line": 57, "column": null } },
      "11": { "start": { "line": 44, "column": 8 }, "end": { "line": 44, "column": null } },
      "12": { "start": { "line": 46, "column": 20 }, "end": { "line": 50, "column": 10 } },
      "13": { "start": { "line": 52, "column": 8 }, "end": { "line": 53, "column": null } },
      "14": { "start": { "line": 53, "column": 10 }, "end": { "line": 53, "column": null } },
      "15": { "start": { "line": 56, "column": 8 }, "end": { "line": 56, "column": null } },
      "16": { "start": { "line": 57, "column": 8 }, "end": { "line": 57, "column": null } },
      "17": { "start": { "line": 60, "column": 6 }, "end": { "line": 60, "column": null } },
      "18": { "start": { "line": 62, "column": 6 }, "end": { "line": 62, "column": null } },
      "19": { "start": { "line": 66, "column": 2 }, "end": { "line": 139, "column": null } },
      "20": { "start": { "line": 75, "column": 25 }, "end": { "line": 75, "column": 79 } },
      "21": { "start": { "line": 80, "column": 12 }, "end": { "line": 82, "column": null } },
      "22": { "start": { "line": 93, "column": 25 }, "end": { "line": 93, "column": 75 } },
      "23": { "start": { "line": 106, "column": 27 }, "end": { "line": 106, "column": 82 } },
      "24": { "start": { "line": 116, "column": 27 }, "end": { "line": 116, "column": 80 } },
      "25": { "start": { "line": 127, "column": 25 }, "end": { "line": 127, "column": 78 } }
    },
    "fnMap": {
      "0": {
        "name": "BookingForm",
        "decl": { "start": { "line": 26, "column": 16 }, "end": { "line": 26, "column": 28 } },
        "loc": { "start": { "line": 26, "column": 60 }, "end": { "line": 139, "column": null } },
        "line": 26
      },
      "1": {
        "name": "(anonymous_1)",
        "decl": { "start": { "line": 37, "column": 23 }, "end": { "line": 37, "column": 30 } },
        "loc": { "start": { "line": 37, "column": 53 }, "end": { "line": 62, "column": null } },
        "line": 37
      },
      "2": {
        "name": "(anonymous_2)",
        "decl": { "start": { "line": 75, "column": 10 }, "end": { "line": 75, "column": 20 } },
        "loc": { "start": { "line": 75, "column": 25 }, "end": { "line": 75, "column": 79 } },
        "line": 75
      },
      "3": {
        "name": "(anonymous_3)",
        "decl": { "start": { "line": 79, "column": 22 }, "end": { "line": 79, "column": 26 } },
        "loc": { "start": { "line": 80, "column": 12 }, "end": { "line": 82, "column": null } },
        "line": 80
      },
      "4": {
        "name": "(anonymous_4)",
        "decl": { "start": { "line": 93, "column": 10 }, "end": { "line": 93, "column": 20 } },
        "loc": { "start": { "line": 93, "column": 25 }, "end": { "line": 93, "column": 75 } },
        "line": 93
      },
      "5": {
        "name": "(anonymous_5)",
        "decl": { "start": { "line": 106, "column": 12 }, "end": { "line": 106, "column": 22 } },
        "loc": { "start": { "line": 106, "column": 27 }, "end": { "line": 106, "column": 82 } },
        "line": 106
      },
      "6": {
        "name": "(anonymous_6)",
        "decl": { "start": { "line": 116, "column": 12 }, "end": { "line": 116, "column": 22 } },
        "loc": { "start": { "line": 116, "column": 27 }, "end": { "line": 116, "column": 80 } },
        "line": 116
      },
      "7": {
        "name": "(anonymous_7)",
        "decl": { "start": { "line": 127, "column": 10 }, "end": { "line": 127, "column": 20 } },
        "loc": { "start": { "line": 127, "column": 25 }, "end": { "line": 127, "column": 78 } },
        "line": 127
      }
    },
    "branchMap": {
      "0": {
        "loc": { "start": { "line": 43, "column": 6 }, "end": { "line": 57, "column": null } },
        "type": "if",
        "locations": [
          { "start": { "line": 43, "column": 6 }, "end": { "line": 57, "column": null } },
          { "start": { "line": 45, "column": 13 }, "end": { "line": 57, "column": null } }
        ],
        "line": 43
      },
      "1": {
        "loc": { "start": { "line": 52, "column": 8 }, "end": { "line": 53, "column": null } },
        "type": "if",
        "locations": [
          { "start": { "line": 52, "column": 8 }, "end": { "line": 53, "column": null } },
          { "start": {}, "end": {} }
        ],
        "line": 52
      },
      "2": {
        "loc": { "start": { "line": 68, "column": 7 }, "end": { "line": 68, "column": null } },
        "type": "binary-expr",
        "locations": [
          { "start": { "line": 68, "column": 7 }, "end": { "line": 68, "column": 16 } },
          { "start": { "line": 68, "column": 16 }, "end": { "line": 68, "column": null } }
        ],
        "line": 68
      },
      "3": {
        "loc": { "start": { "line": 138, "column": 9 }, "end": { "line": 138, "column": null } },
        "type": "cond-expr",
        "locations": [
          { "start": { "line": 138, "column": 22 }, "end": { "line": 138, "column": 37 } },
          { "start": { "line": 138, "column": 37 }, "end": { "line": 138, "column": null } }
        ],
        "line": 138
      }
    },
    "s": {
      "0": 0,
      "1": 0,
      "2": 0,
      "3": 0,
      "4": 0,
      "5": 0,
      "6": 0,
      "7": 0,
      "8": 0,
      "9": 0,
      "10": 0,
      "11": 0,
      "12": 0,
      "13": 0,
      "14": 0,
      "15": 0,
      "16": 0,
      "17": 0,
      "18": 0,
      "19": 0,
      "20": 0,
      "21": 0,
      "22": 0,
      "23": 0,
      "24": 0,
      "25": 0
    },
    "f": { "0": 0, "1": 0, "2": 0, "3": 0, "4": 0, "5": 0, "6": 0, "7": 0 },
    "b": { "0": [0, 0], "1": [0, 0], "2": [0, 0], "3": [0, 0] },
    "meta": {
      "lastBranch": 4,
      "lastFunction": 8,
      "lastStatement": 26,
      "seen": {
        "s:1:0:1:Infinity": 0,
        "s:17:19:24:Infinity": 1,
        "f:26:16:26:28": 0,
        "s:27:19:33:4": 2,
        "s:34:21:34:53": 3,
        "s:35:16:35:40": 4,
        "s:37:23:62:Infinity": 5,
        "f:37:23:37:30": 1,
        "s:38:4:38:Infinity": 6,
        "s:39:4:39:Infinity": 7,
        "s:40:4:40:Infinity": 8,
        "s:42:4:62:Infinity": 9,
        "b:43:6:57:Infinity:45:13:57:Infinity": 0,
        "s:43:6:57:Infinity": 10,
        "s:44:8:44:Infinity": 11,
        "s:46:20:50:10": 12,
        "b:52:8:53:Infinity:undefined:undefined:undefined:undefined": 1,
        "s:52:8:53:Infinity": 13,
        "s:53:10:53:Infinity": 14,
        "s:56:8:56:Infinity": 15,
        "s:57:8:57:Infinity": 16,
        "s:60:6:60:Infinity": 17,
        "s:62:6:62:Infinity": 18,
        "s:66:2:139:Infinity": 19,
        "b:68:7:68:16:68:16:68:Infinity": 2,
        "f:75:10:75:20": 2,
        "s:75:25:75:79": 20,
        "f:79:22:79:26": 3,
        "s:80:12:82:Infinity": 21,
        "f:93:10:93:20": 4,
        "s:93:25:93:75": 22,
        "f:106:12:106:22": 5,
        "s:106:27:106:82": 23,
        "f:116:12:116:22": 6,
        "s:116:27:116:80": 24,
        "f:127:10:127:20": 7,
        "s:127:25:127:78": 25,
        "b:138:22:138:37:138:37:138:Infinity": 3
      }
    }
  },
  "/home/ubuntupunk/Projects/soralia-village/src/components/chat/ChatWindow.tsx": {
    "path": "/home/ubuntupunk/Projects/soralia-village/src/components/chat/ChatWindow.tsx",
    "statementMap": {
      "0": { "start": { "line": 1, "column": 0 }, "end": { "line": 1, "column": null } },
      "1": { "start": { "line": 6, "column": 6 }, "end": { "line": 8, "column": null } },
      "2": { "start": { "line": 33, "column": 19 }, "end": { "line": 33, "column": 57 } },
      "3": { "start": { "line": 34, "column": 21 }, "end": { "line": 34, "column": 50 } },
      "4": { "start": { "line": 35, "column": 18 }, "end": { "line": 35, "column": 46 } },
      "5": { "start": { "line": 37, "column": 2 }, "end": { "line": 57, "column": null } },
      "6": { "start": { "line": 39, "column": 18 }, "end": { "line": 39, "column": 79 } },
      "7": { "start": { "line": 40, "column": 19 }, "end": { "line": 40, "column": 35 } },
      "8": { "start": { "line": 41, "column": 6 }, "end": { "line": 41, "column": null } },
      "9": { "start": { "line": 42, "column": 6 }, "end": { "line": 42, "column": null } },
      "10": { "start": { "line": 44, "column": 4 }, "end": { "line": 44, "column": null } },
      "11": { "start": { "line": 47, "column": 20 }, "end": { "line": 52, "column": 18 } },
      "12": { "start": { "line": 50, "column": 8 }, "end": { "line": 50, "column": null } },
      "13": { "start": { "line": 50, "column": 28 }, "end": { "line": 50, "column": 65 } },
      "14": { "start": { "line": 54, "column": 4 }, "end": { "line": 55, "column": null } },
      "15": { "start": { "line": 55, "column": 6 }, "end": { "line": 55, "column": null } },
      "16": { "start": { "line": 59, "column": 21 }, "end": { "line": 73, "column": null } },
      "17": { "start": { "line": 60, "column": 4 }, "end": { "line": 60, "column": null } },
      "18": { "start": { "line": 60, "column": 28 }, "end": { "line": 60, "column": null } },
      "19": { "start": { "line": 62, "column": 16 }, "end": { "line": 70, "column": 6 } },
      "20": { "start": { "line": 72, "column": 4 }, "end": { "line": 73, "column": null } },
      "21": { "start": { "line": 73, "column": 6 }, "end": { "line": 73, "column": null } },
      "22": { "start": { "line": 77, "column": 2 }, "end": { "line": 122, "column": null } },
      "23": { "start": { "line": 86, "column": 12 }, "end": { "line": 103, "column": null } },
      "24": { "start": { "line": 112, "column": 25 }, "end": { "line": 112, "column": 54 } },
      "25": { "start": { "line": 113, "column": 27 }, "end": { "line": 113, "column": 60 } }
    },
    "fnMap": {
      "0": {
        "name": "ChatWindow",
        "decl": { "start": { "line": 32, "column": 16 }, "end": { "line": 32, "column": 27 } },
        "loc": { "start": { "line": 32, "column": 79 }, "end": { "line": 122, "column": null } },
        "line": 32
      },
      "1": {
        "name": "(anonymous_1)",
        "decl": { "start": { "line": 37, "column": 2 }, "end": { "line": 37, "column": 18 } },
        "loc": { "start": { "line": 37, "column": 18 }, "end": { "line": 57, "column": 6 } },
        "line": 37
      },
      "2": {
        "name": "fetchMessages",
        "decl": { "start": { "line": 38, "column": 19 }, "end": { "line": 38, "column": 35 } },
        "loc": { "start": { "line": 38, "column": 35 }, "end": { "line": 42, "column": null } },
        "line": 38
      },
      "3": {
        "name": "(anonymous_3)",
        "decl": { "start": { "line": 49, "column": 47 }, "end": { "line": 49, "column": 49 } },
        "loc": { "start": { "line": 49, "column": 60 }, "end": { "line": 51, "column": null } },
        "line": 49
      },
      "4": {
        "name": "(anonymous_4)",
        "decl": { "start": { "line": 50, "column": 8 }, "end": { "line": 50, "column": 20 } },
        "loc": { "start": { "line": 50, "column": 28 }, "end": { "line": 50, "column": 65 } },
        "line": 50
      },
      "5": {
        "name": "(anonymous_5)",
        "decl": { "start": { "line": 54, "column": 4 }, "end": { "line": 54, "column": 17 } },
        "loc": { "start": { "line": 54, "column": 17 }, "end": { "line": 55, "column": null } },
        "line": 54
      },
      "6": {
        "name": "(anonymous_6)",
        "decl": { "start": { "line": 59, "column": 21 }, "end": { "line": 59, "column": 33 } },
        "loc": { "start": { "line": 59, "column": 33 }, "end": { "line": 73, "column": null } },
        "line": 59
      },
      "7": {
        "name": "(anonymous_7)",
        "decl": { "start": { "line": 85, "column": 19 }, "end": { "line": 85, "column": 23 } },
        "loc": { "start": { "line": 86, "column": 12 }, "end": { "line": 103, "column": null } },
        "line": 86
      },
      "8": {
        "name": "(anonymous_8)",
        "decl": { "start": { "line": 112, "column": 10 }, "end": { "line": 112, "column": 20 } },
        "loc": { "start": { "line": 112, "column": 25 }, "end": { "line": 112, "column": 54 } },
        "line": 112
      },
      "9": {
        "name": "(anonymous_9)",
        "decl": { "start": { "line": 113, "column": 10 }, "end": { "line": 113, "column": 22 } },
        "loc": { "start": { "line": 113, "column": 27 }, "end": { "line": 113, "column": 60 } },
        "line": 113
      }
    },
    "branchMap": {
      "0": {
        "loc": { "start": { "line": 7, "column": 2 }, "end": { "line": 7, "column": null } },
        "type": "binary-expr",
        "locations": [
          { "start": { "line": 7, "column": 2 }, "end": { "line": 7, "column": 42 } },
          { "start": { "line": 7, "column": 42 }, "end": { "line": 7, "column": null } }
        ],
        "line": 7
      },
      "1": {
        "loc": { "start": { "line": 8, "column": 2 }, "end": { "line": 8, "column": null } },
        "type": "binary-expr",
        "locations": [
          { "start": { "line": 8, "column": 2 }, "end": { "line": 8, "column": 47 } },
          { "start": { "line": 8, "column": 47 }, "end": { "line": 8, "column": null } }
        ],
        "line": 8
      },
      "2": {
        "loc": { "start": { "line": 60, "column": 4 }, "end": { "line": 60, "column": null } },
        "type": "if",
        "locations": [
          { "start": { "line": 60, "column": 4 }, "end": { "line": 60, "column": null } },
          { "start": {}, "end": {} }
        ],
        "line": 60
      },
      "3": {
        "loc": { "start": { "line": 72, "column": 4 }, "end": { "line": 73, "column": null } },
        "type": "if",
        "locations": [
          { "start": { "line": 72, "column": 4 }, "end": { "line": 73, "column": null } },
          { "start": {}, "end": {} }
        ],
        "line": 72
      },
      "4": {
        "loc": { "start": { "line": 80, "column": 9 }, "end": { "line": 103, "column": null } },
        "type": "cond-expr",
        "locations": [
          { "start": { "line": 81, "column": 10 }, "end": { "line": 82, "column": 21 } },
          { "start": { "line": 82, "column": 12 }, "end": { "line": 103, "column": null } }
        ],
        "line": 80
      },
      "5": {
        "loc": { "start": { "line": 82, "column": 12 }, "end": { "line": 103, "column": null } },
        "type": "cond-expr",
        "locations": [
          { "start": { "line": 83, "column": 10 }, "end": { "line": 85, "column": 19 } },
          { "start": { "line": 85, "column": 10 }, "end": { "line": 103, "column": null } }
        ],
        "line": 82
      },
      "6": {
        "loc": { "start": { "line": 88, "column": 33 }, "end": { "line": 88, "column": null } },
        "type": "cond-expr",
        "locations": [
          { "start": { "line": 88, "column": 67 }, "end": { "line": 88, "column": 83 } },
          { "start": { "line": 88, "column": 83 }, "end": { "line": 88, "column": null } }
        ],
        "line": 88
      },
      "7": {
        "loc": { "start": { "line": 92, "column": 18 }, "end": { "line": 94, "column": null } },
        "type": "cond-expr",
        "locations": [
          { "start": { "line": 93, "column": 22 }, "end": { "line": 93, "column": null } },
          { "start": { "line": 94, "column": 22 }, "end": { "line": 94, "column": null } }
        ],
        "line": 92
      },
      "8": {
        "loc": { "start": { "line": 113, "column": 27 }, "end": { "line": 113, "column": 60 } },
        "type": "binary-expr",
        "locations": [
          { "start": { "line": 113, "column": 27 }, "end": { "line": 113, "column": 48 } },
          { "start": { "line": 113, "column": 48 }, "end": { "line": 113, "column": 60 } }
        ],
        "line": 113
      }
    },
    "s": {
      "0": 0,
      "1": 0,
      "2": 0,
      "3": 0,
      "4": 0,
      "5": 0,
      "6": 0,
      "7": 0,
      "8": 0,
      "9": 0,
      "10": 0,
      "11": 0,
      "12": 0,
      "13": 0,
      "14": 0,
      "15": 0,
      "16": 0,
      "17": 0,
      "18": 0,
      "19": 0,
      "20": 0,
      "21": 0,
      "22": 0,
      "23": 0,
      "24": 0,
      "25": 0
    },
    "f": { "0": 0, "1": 0, "2": 0, "3": 0, "4": 0, "5": 0, "6": 0, "7": 0, "8": 0, "9": 0 },
    "b": {
      "0": [0, 0],
      "1": [0, 0],
      "2": [0, 0],
      "3": [0, 0],
      "4": [0, 0],
      "5": [0, 0],
      "6": [0, 0],
      "7": [0, 0],
      "8": [0, 0]
    },
    "meta": {
      "lastBranch": 9,
      "lastFunction": 10,
      "lastStatement": 26,
      "seen": {
        "s:1:0:1:Infinity": 0,
        "s:6:6:8:Infinity": 1,
        "b:7:2:7:42:7:42:7:Infinity": 0,
        "b:8:2:8:47:8:47:8:Infinity": 1,
        "f:32:16:32:27": 0,
        "s:33:19:33:57": 2,
        "s:34:21:34:50": 3,
        "s:35:18:35:46": 4,
        "s:37:2:57:Infinity": 5,
        "f:37:2:37:18": 1,
        "f:38:19:38:35": 2,
        "s:39:18:39:79": 6,
        "s:40:19:40:35": 7,
        "s:41:6:41:Infinity": 8,
        "s:42:6:42:Infinity": 9,
        "s:44:4:44:Infinity": 10,
        "s:47:20:52:18": 11,
        "f:49:47:49:49": 3,
        "s:50:8:50:Infinity": 12,
        "f:50:8:50:20": 4,
        "s:50:28:50:65": 13,
        "s:54:4:55:Infinity": 14,
        "f:54:4:54:17": 5,
        "s:55:6:55:Infinity": 15,
        "s:59:21:73:Infinity": 16,
        "f:59:21:59:33": 6,
        "b:60:4:60:Infinity:undefined:undefined:undefined:undefined": 2,
        "s:60:4:60:Infinity": 17,
        "s:60:28:60:Infinity": 18,
        "s:62:16:70:6": 19,
        "b:72:4:73:Infinity:undefined:undefined:undefined:undefined": 3,
        "s:72:4:73:Infinity": 20,
        "s:73:6:73:Infinity": 21,
        "s:77:2:122:Infinity": 22,
        "b:81:10:82:21:82:12:103:Infinity": 4,
        "b:83:10:85:19:85:10:103:Infinity": 5,
        "f:85:19:85:23": 7,
        "s:86:12:103:Infinity": 23,
        "b:88:67:88:83:88:83:88:Infinity": 6,
        "b:93:22:93:Infinity:94:22:94:Infinity": 7,
        "f:112:10:112:20": 8,
        "s:112:25:112:54": 24,
        "f:113:10:113:22": 9,
        "s:113:27:113:60": 25,
        "b:113:27:113:48:113:48:113:60": 8
      }
    }
  },
  "/home/ubuntupunk/Projects/soralia-village/src/components/directory/DirectoryChatModal.tsx": {
    "path": "/home/ubuntupunk/Projects/soralia-village/src/components/directory/DirectoryChatModal.tsx",
    "statementMap": {
      "0": { "start": { "line": 1, "column": 0 }, "end": { "line": 1, "column": null } },
      "1": { "start": { "line": 6, "column": 6 }, "end": { "line": 8, "column": null } },
      "2": { "start": { "line": 34, "column": 19 }, "end": { "line": 34, "column": 57 } },
      "3": { "start": { "line": 35, "column": 21 }, "end": { "line": 35, "column": 50 } },
      "4": { "start": { "line": 36, "column": 18 }, "end": { "line": 36, "column": 46 } },
      "5": { "start": { "line": 37, "column": 25 }, "end": { "line": 37, "column": 75 } },
      "6": { "start": { "line": 38, "column": 8 }, "end": { "line": 38, "column": 53 } },
      "7": { "start": { "line": 40, "column": 2 }, "end": { "line": 59, "column": null } },
      "8": { "start": { "line": 42, "column": 18 }, "end": { "line": 48, "column": 8 } },
      "9": { "start": { "line": 49, "column": 19 }, "end": { "line": 49, "column": 35 } },
      "10": { "start": { "line": 50, "column": 6 }, "end": { "line": 54, "column": null } },
      "11": { "start": { "line": 51, "column": 8 }, "end": { "line": 51, "column": null } },
      "12": { "start": { "line": 52, "column": 23 }, "end": { "line": 52, "column": 90 } },
      "13": { "start": { "line": 53, "column": 24 }, "end": { "line": 53, "column": 43 } },
      "14": { "start": { "line": 54, "column": 8 }, "end": { "line": 54, "column": null } },
      "15": { "start": { "line": 56, "column": 6 }, "end": { "line": 56, "column": null } },
      "16": { "start": { "line": 58, "column": 4 }, "end": { "line": 58, "column": null } },
      "17": { "start": { "line": 61, "column": 2 }, "end": { "line": 63, "column": null } },
      "18": { "start": { "line": 62, "column": 4 }, "end": { "line": 62, "column": null } },
      "19": { "start": { "line": 65, "column": 2 }, "end": { "line": 77, "column": null } },
      "20": { "start": { "line": 66, "column": 4 }, "end": { "line": 66, "column": null } },
      "21": { "start": { "line": 66, "column": 25 }, "end": { "line": 66, "column": null } },
      "22": { "start": { "line": 67, "column": 20 }, "end": { "line": 72, "column": 18 } },
      "23": { "start": { "line": 70, "column": 8 }, "end": { "line": 70, "column": null } },
      "24": { "start": { "line": 70, "column": 28 }, "end": { "line": 70, "column": 65 } },
      "25": { "start": { "line": 74, "column": 4 }, "end": { "line": 75, "column": null } },
      "26": { "start": { "line": 75, "column": 6 }, "end": { "line": 75, "column": null } },
      "27": { "start": { "line": 80, "column": 4 }, "end": { "line": 80, "column": null } },
      "28": { "start": { "line": 80, "column": 47 }, "end": { "line": 80, "column": null } },
      "29": { "start": { "line": 82, "column": 16 }, "end": { "line": 90, "column": 6 } },
      "30": { "start": { "line": 92, "column": 4 }, "end": { "line": 93, "column": null } },
      "31": { "start": { "line": 93, "column": 6 }, "end": { "line": 93, "column": null } },
      "32": { "start": { "line": 97, "column": 2 }, "end": { "line": 189, "column": null } },
      "33": { "start": { "line": 104, "column": 22 }, "end": { "line": 104, "column": 41 } },
      "34": { "start": { "line": 138, "column": 16 }, "end": { "line": 157, "column": null } },
      "35": { "start": { "line": 168, "column": 27 }, "end": { "line": 168, "column": 56 } },
      "36": { "start": { "line": 169, "column": 29 }, "end": { "line": 169, "column": 62 } }
    },
    "fnMap": {
      "0": {
        "name": "ChatModal",
        "decl": { "start": { "line": 27, "column": 16 }, "end": { "line": 27, "column": 26 } },
        "loc": { "start": { "line": 33, "column": 19 }, "end": { "line": 189, "column": null } },
        "line": 33
      },
      "1": {
        "name": "(anonymous_1)",
        "decl": { "start": { "line": 40, "column": 2 }, "end": { "line": 40, "column": 18 } },
        "loc": { "start": { "line": 40, "column": 18 }, "end": { "line": 59, "column": 6 } },
        "line": 40
      },
      "2": {
        "name": "initChat",
        "decl": { "start": { "line": 41, "column": 19 }, "end": { "line": 41, "column": 30 } },
        "loc": { "start": { "line": 41, "column": 30 }, "end": { "line": 56, "column": null } },
        "line": 41
      },
      "3": {
        "name": "(anonymous_3)",
        "decl": { "start": { "line": 61, "column": 2 }, "end": { "line": 61, "column": 18 } },
        "loc": { "start": { "line": 61, "column": 18 }, "end": { "line": 63, "column": 6 } },
        "line": 61
      },
      "4": {
        "name": "(anonymous_4)",
        "decl": { "start": { "line": 65, "column": 2 }, "end": { "line": 65, "column": 18 } },
        "loc": { "start": { "line": 65, "column": 18 }, "end": { "line": 77, "column": 6 } },
        "line": 65
      },
      "5": {
        "name": "(anonymous_5)",
        "decl": { "start": { "line": 69, "column": 47 }, "end": { "line": 69, "column": 49 } },
        "loc": { "start": { "line": 69, "column": 60 }, "end": { "line": 71, "column": null } },
        "line": 69
      },
      "6": {
        "name": "(anonymous_6)",
        "decl": { "start": { "line": 70, "column": 8 }, "end": { "line": 70, "column": 20 } },
        "loc": { "start": { "line": 70, "column": 28 }, "end": { "line": 70, "column": 65 } },
        "line": 70
      },
      "7": {
        "name": "(anonymous_7)",
        "decl": { "start": { "line": 74, "column": 4 }, "end": { "line": 74, "column": 17 } },
        "loc": { "start": { "line": 74, "column": 17 }, "end": { "line": 75, "column": null } },
        "line": 74
      },
      "8": {
        "name": "handleSend",
        "decl": { "start": { "line": 79, "column": 17 }, "end": { "line": 79, "column": 30 } },
        "loc": { "start": { "line": 79, "column": 30 }, "end": { "line": 93, "column": null } },
        "line": 79
      },
      "9": {
        "name": "(anonymous_9)",
        "decl": { "start": { "line": 104, "column": 8 }, "end": { "line": 104, "column": 17 } },
        "loc": { "start": { "line": 104, "column": 22 }, "end": { "line": 104, "column": 41 } },
        "line": 104
      },
      "10": {
        "name": "(anonymous_10)",
        "decl": { "start": { "line": 137, "column": 24 }, "end": { "line": 137, "column": 28 } },
        "loc": { "start": { "line": 138, "column": 16 }, "end": { "line": 157, "column": null } },
        "line": 138
      },
      "11": {
        "name": "(anonymous_11)",
        "decl": { "start": { "line": 168, "column": 12 }, "end": { "line": 168, "column": 22 } },
        "loc": { "start": { "line": 168, "column": 27 }, "end": { "line": 168, "column": 56 } },
        "line": 168
      },
      "12": {
        "name": "(anonymous_12)",
        "decl": { "start": { "line": 169, "column": 12 }, "end": { "line": 169, "column": 24 } },
        "loc": { "start": { "line": 169, "column": 29 }, "end": { "line": 169, "column": 62 } },
        "line": 169
      }
    },
    "branchMap": {
      "0": {
        "loc": { "start": { "line": 7, "column": 2 }, "end": { "line": 7, "column": null } },
        "type": "binary-expr",
        "locations": [
          { "start": { "line": 7, "column": 2 }, "end": { "line": 7, "column": 42 } },
          { "start": { "line": 7, "column": 42 }, "end": { "line": 7, "column": null } }
        ],
        "line": 7
      },
      "1": {
        "loc": { "start": { "line": 8, "column": 2 }, "end": { "line": 8, "column": null } },
        "type": "binary-expr",
        "locations": [
          { "start": { "line": 8, "column": 2 }, "end": { "line": 8, "column": 47 } },
          { "start": { "line": 8, "column": 47 }, "end": { "line": 8, "column": null } }
        ],
        "line": 8
      },
      "2": {
        "loc": { "start": { "line": 50, "column": 6 }, "end": { "line": 54, "column": null } },
        "type": "if",
        "locations": [
          { "start": { "line": 50, "column": 6 }, "end": { "line": 54, "column": null } },
          { "start": {}, "end": {} }
        ],
        "line": 50
      },
      "3": {
        "loc": { "start": { "line": 66, "column": 4 }, "end": { "line": 66, "column": null } },
        "type": "if",
        "locations": [
          { "start": { "line": 66, "column": 4 }, "end": { "line": 66, "column": null } },
          { "start": {}, "end": {} }
        ],
        "line": 66
      },
      "4": {
        "loc": { "start": { "line": 80, "column": 4 }, "end": { "line": 80, "column": null } },
        "type": "if",
        "locations": [
          { "start": { "line": 80, "column": 4 }, "end": { "line": 80, "column": null } },
          { "start": {}, "end": {} }
        ],
        "line": 80
      },
      "5": {
        "loc": { "start": { "line": 80, "column": 8 }, "end": { "line": 80, "column": 47 } },
        "type": "binary-expr",
        "locations": [
          { "start": { "line": 80, "column": 8 }, "end": { "line": 80, "column": 26 } },
          { "start": { "line": 80, "column": 30 }, "end": { "line": 80, "column": 47 } }
        ],
        "line": 80
      },
      "6": {
        "loc": { "start": { "line": 92, "column": 4 }, "end": { "line": 93, "column": null } },
        "type": "if",
        "locations": [
          { "start": { "line": 92, "column": 4 }, "end": { "line": 93, "column": null } },
          { "start": {}, "end": {} }
        ],
        "line": 92
      },
      "7": {
        "loc": { "start": { "line": 131, "column": 11 }, "end": { "line": 160, "column": null } },
        "type": "cond-expr",
        "locations": [
          { "start": { "line": 132, "column": 12 }, "end": { "line": 133, "column": 23 } },
          { "start": { "line": 133, "column": 14 }, "end": { "line": 160, "column": null } }
        ],
        "line": 131
      },
      "8": {
        "loc": { "start": { "line": 133, "column": 14 }, "end": { "line": 160, "column": null } },
        "type": "cond-expr",
        "locations": [
          { "start": { "line": 134, "column": 12 }, "end": { "line": 136, "column": null } },
          { "start": { "line": 136, "column": 12 }, "end": { "line": 160, "column": null } }
        ],
        "line": 133
      },
      "9": {
        "loc": { "start": { "line": 140, "column": 37 }, "end": { "line": 140, "column": null } },
        "type": "cond-expr",
        "locations": [
          { "start": { "line": 140, "column": 71 }, "end": { "line": 140, "column": 87 } },
          { "start": { "line": 140, "column": 87 }, "end": { "line": 140, "column": null } }
        ],
        "line": 140
      },
      "10": {
        "loc": { "start": { "line": 144, "column": 22 }, "end": { "line": 146, "column": null } },
        "type": "cond-expr",
        "locations": [
          { "start": { "line": 145, "column": 26 }, "end": { "line": 145, "column": null } },
          { "start": { "line": 146, "column": 26 }, "end": { "line": 146, "column": null } }
        ],
        "line": 144
      },
      "11": {
        "loc": { "start": { "line": 150, "column": 23 }, "end": { "line": 150, "column": null } },
        "type": "cond-expr",
        "locations": [
          { "start": { "line": 150, "column": 57 }, "end": { "line": 150, "column": 65 } },
          { "start": { "line": 150, "column": 65 }, "end": { "line": 150, "column": null } }
        ],
        "line": 150
      },
      "12": {
        "loc": { "start": { "line": 169, "column": 29 }, "end": { "line": 169, "column": 62 } },
        "type": "binary-expr",
        "locations": [
          { "start": { "line": 169, "column": 29 }, "end": { "line": 169, "column": 50 } },
          { "start": { "line": 169, "column": 50 }, "end": { "line": 169, "column": 62 } }
        ],
        "line": 169
      }
    },
    "s": {
      "0": 0,
      "1": 0,
      "2": 0,
      "3": 0,
      "4": 0,
      "5": 0,
      "6": 0,
      "7": 0,
      "8": 0,
      "9": 0,
      "10": 0,
      "11": 0,
      "12": 0,
      "13": 0,
      "14": 0,
      "15": 0,
      "16": 0,
      "17": 0,
      "18": 0,
      "19": 0,
      "20": 0,
      "21": 0,
      "22": 0,
      "23": 0,
      "24": 0,
      "25": 0,
      "26": 0,
      "27": 0,
      "28": 0,
      "29": 0,
      "30": 0,
      "31": 0,
      "32": 0,
      "33": 0,
      "34": 0,
      "35": 0,
      "36": 0
    },
    "f": {
      "0": 0,
      "1": 0,
      "2": 0,
      "3": 0,
      "4": 0,
      "5": 0,
      "6": 0,
      "7": 0,
      "8": 0,
      "9": 0,
      "10": 0,
      "11": 0,
      "12": 0
    },
    "b": {
      "0": [0, 0],
      "1": [0, 0],
      "2": [0, 0],
      "3": [0, 0],
      "4": [0, 0],
      "5": [0, 0],
      "6": [0, 0],
      "7": [0, 0],
      "8": [0, 0],
      "9": [0, 0],
      "10": [0, 0],
      "11": [0, 0],
      "12": [0, 0]
    },
    "meta": {
      "lastBranch": 13,
      "lastFunction": 13,
      "lastStatement": 37,
      "seen": {
        "s:1:0:1:Infinity": 0,
        "s:6:6:8:Infinity": 1,
        "b:7:2:7:42:7:42:7:Infinity": 0,
        "b:8:2:8:47:8:47:8:Infinity": 1,
        "f:27:16:27:26": 0,
        "s:34:19:34:57": 2,
        "s:35:21:35:50": 3,
        "s:36:18:36:46": 4,
        "s:37:25:37:75": 5,
        "s:38:8:38:53": 6,
        "s:40:2:59:Infinity": 7,
        "f:40:2:40:18": 1,
        "f:41:19:41:30": 2,
        "s:42:18:48:8": 8,
        "s:49:19:49:35": 9,
        "b:50:6:54:Infinity:undefined:undefined:undefined:undefined": 2,
        "s:50:6:54:Infinity": 10,
        "s:51:8:51:Infinity": 11,
        "s:52:23:52:90": 12,
        "s:53:24:53:43": 13,
        "s:54:8:54:Infinity": 14,
        "s:56:6:56:Infinity": 15,
        "s:58:4:58:Infinity": 16,
        "s:61:2:63:Infinity": 17,
        "f:61:2:61:18": 3,
        "s:62:4:62:Infinity": 18,
        "s:65:2:77:Infinity": 19,
        "f:65:2:65:18": 4,
        "b:66:4:66:Infinity:undefined:undefined:undefined:undefined": 3,
        "s:66:4:66:Infinity": 20,
        "s:66:25:66:Infinity": 21,
        "s:67:20:72:18": 22,
        "f:69:47:69:49": 5,
        "s:70:8:70:Infinity": 23,
        "f:70:8:70:20": 6,
        "s:70:28:70:65": 24,
        "s:74:4:75:Infinity": 25,
        "f:74:4:74:17": 7,
        "s:75:6:75:Infinity": 26,
        "f:79:17:79:30": 8,
        "b:80:4:80:Infinity:undefined:undefined:undefined:undefined": 4,
        "s:80:4:80:Infinity": 27,
        "b:80:8:80:26:80:30:80:47": 5,
        "s:80:47:80:Infinity": 28,
        "s:82:16:90:6": 29,
        "b:92:4:93:Infinity:undefined:undefined:undefined:undefined": 6,
        "s:92:4:93:Infinity": 30,
        "s:93:6:93:Infinity": 31,
        "s:97:2:189:Infinity": 32,
        "f:104:8:104:17": 9,
        "s:104:22:104:41": 33,
        "b:132:12:133:23:133:14:160:Infinity": 7,
        "b:134:12:136:Infinity:136:12:160:Infinity": 8,
        "f:137:24:137:28": 10,
        "s:138:16:157:Infinity": 34,
        "b:140:71:140:87:140:87:140:Infinity": 9,
        "b:145:26:145:Infinity:146:26:146:Infinity": 10,
        "b:150:57:150:65:150:65:150:Infinity": 11,
        "f:168:12:168:22": 11,
        "s:168:27:168:56": 35,
        "f:169:12:169:24": 12,
        "s:169:29:169:62": 36,
        "b:169:29:169:50:169:50:169:62": 12
      }
    }
  },
  "/home/ubuntupunk/Projects/soralia-village/src/components/directory/DirectoryGrid.tsx": {
    "path": "/home/ubuntupunk/Projects/soralia-village/src/components/directory/DirectoryGrid.tsx",
    "statementMap": {
      "0": { "start": { "line": 32, "column": 2 }, "end": { "line": 32, "column": null } },
      "1": { "start": { "line": 36, "column": 2 }, "end": { "line": 36, "column": null } },
      "2": { "start": { "line": 36, "column": 45 }, "end": { "line": 36, "column": null } },
      "3": { "start": { "line": 37, "column": 2 }, "end": { "line": 37, "column": null } },
      "4": { "start": { "line": 37, "column": 46 }, "end": { "line": 37, "column": null } },
      "5": { "start": { "line": 38, "column": 2 }, "end": { "line": 38, "column": null } },
      "6": { "start": { "line": 56, "column": 2 }, "end": { "line": 114, "column": null } },
      "7": { "start": { "line": 107, "column": 14 }, "end": { "line": 112, "column": null } },
      "8": { "start": { "line": 136, "column": 2 }, "end": { "line": 182, "column": null } },
      "9": { "start": { "line": 190, "column": 28 }, "end": { "line": 190, "column": 51 } },
      "10": { "start": { "line": 191, "column": 19 }, "end": { "line": 191, "column": 85 } },
      "11": { "start": { "line": 192, "column": 24 }, "end": { "line": 192, "column": null } },
      "12": { "start": { "line": 193, "column": 26 }, "end": { "line": 193, "column": null } },
      "13": { "start": { "line": 195, "column": 8 }, "end": { "line": 196, "column": null } },
      "14": { "start": { "line": 196, "column": 4 }, "end": { "line": 196, "column": null } },
      "15": { "start": { "line": 199, "column": 8 }, "end": { "line": 200, "column": null } },
      "16": { "start": { "line": 200, "column": 4 }, "end": { "line": 200, "column": null } },
      "17": { "start": { "line": 203, "column": 2 }, "end": { "line": 207, "column": null } },
      "18": { "start": { "line": 204, "column": 4 }, "end": { "line": 207, "column": null } },
      "19": { "start": { "line": 211, "column": 18 }, "end": { "line": 211, "column": 40 } },
      "20": { "start": { "line": 213, "column": 2 }, "end": { "line": 270, "column": null } },
      "21": { "start": { "line": 218, "column": 32 }, "end": { "line": 218, "column": null } },
      "22": { "start": { "line": 220, "column": 14 }, "end": { "line": 221, "column": null } },
      "23": { "start": { "line": 222, "column": 33 }, "end": { "line": 222, "column": 92 } },
      "24": { "start": { "line": 224, "column": 12 }, "end": { "line": 233, "column": null } },
      "25": { "start": { "line": 231, "column": 30 }, "end": { "line": 231, "column": 80 } },
      "26": { "start": { "line": 240, "column": 32 }, "end": { "line": 240, "column": null } },
      "27": { "start": { "line": 242, "column": 14 }, "end": { "line": 243, "column": null } },
      "28": { "start": { "line": 244, "column": 33 }, "end": { "line": 244, "column": 92 } },
      "29": { "start": { "line": 246, "column": 12 }, "end": { "line": 255, "column": null } },
      "30": { "start": { "line": 253, "column": 30 }, "end": { "line": 253, "column": 80 } }
    },
    "fnMap": {
      "0": {
        "name": "getInterestColor",
        "decl": { "start": { "line": 31, "column": 9 }, "end": { "line": 31, "column": 26 } },
        "loc": { "start": { "line": 31, "column": 52 }, "end": { "line": 32, "column": null } },
        "line": 31
      },
      "1": {
        "name": "getResidentLabel",
        "decl": { "start": { "line": 35, "column": 9 }, "end": { "line": 35, "column": 26 } },
        "loc": { "start": { "line": 35, "column": 78 }, "end": { "line": 38, "column": null } },
        "line": 35
      },
      "2": {
        "name": "ResidentCard",
        "decl": { "start": { "line": 41, "column": 9 }, "end": { "line": 41, "column": 22 } },
        "loc": { "start": { "line": 55, "column": 3 }, "end": { "line": 114, "column": null } },
        "line": 55
      },
      "3": {
        "name": "(anonymous_3)",
        "decl": { "start": { "line": 106, "column": 26 }, "end": { "line": 106, "column": 31 } },
        "loc": { "start": { "line": 107, "column": 14 }, "end": { "line": 112, "column": null } },
        "line": 107
      },
      "4": {
        "name": "ResidentListItem",
        "decl": { "start": { "line": 121, "column": 9 }, "end": { "line": 121, "column": 26 } },
        "loc": { "start": { "line": 135, "column": 3 }, "end": { "line": 182, "column": null } },
        "line": 135
      },
      "5": {
        "name": "DirectoryGrid",
        "decl": { "start": { "line": 189, "column": 16 }, "end": { "line": 189, "column": 30 } },
        "loc": { "start": { "line": 189, "column": 84 }, "end": { "line": 270, "column": null } },
        "line": 189
      },
      "6": {
        "name": "(anonymous_6)",
        "decl": { "start": { "line": 195, "column": 8 }, "end": { "line": 195, "column": 20 } },
        "loc": { "start": { "line": 195, "column": 59 }, "end": { "line": 196, "column": null } },
        "line": 195
      },
      "7": {
        "name": "(anonymous_7)",
        "decl": { "start": { "line": 199, "column": 8 }, "end": { "line": 199, "column": 26 } },
        "loc": { "start": { "line": 199, "column": 26 }, "end": { "line": 200, "column": null } },
        "line": 199
      },
      "8": {
        "name": "(anonymous_8)",
        "decl": { "start": { "line": 217, "column": 21 }, "end": { "line": 217, "column": 26 } },
        "loc": { "start": { "line": 217, "column": 44 }, "end": { "line": 233, "column": null } },
        "line": 217
      },
      "9": {
        "name": "(anonymous_9)",
        "decl": { "start": { "line": 231, "column": 16 }, "end": { "line": 231, "column": 30 } },
        "loc": { "start": { "line": 231, "column": 30 }, "end": { "line": 231, "column": 80 } },
        "line": 231
      },
      "10": {
        "name": "(anonymous_10)",
        "decl": { "start": { "line": 239, "column": 21 }, "end": { "line": 239, "column": 26 } },
        "loc": { "start": { "line": 239, "column": 44 }, "end": { "line": 255, "column": null } },
        "line": 239
      },
      "11": {
        "name": "(anonymous_11)",
        "decl": { "start": { "line": 253, "column": 16 }, "end": { "line": 253, "column": 30 } },
        "loc": { "start": { "line": 253, "column": 30 }, "end": { "line": 253, "column": 80 } },
        "line": 253
      }
    },
    "branchMap": {
      "0": {
        "loc": { "start": { "line": 32, "column": 9 }, "end": { "line": 32, "column": null } },
        "type": "binary-expr",
        "locations": [
          { "start": { "line": 32, "column": 9 }, "end": { "line": 32, "column": 38 } },
          { "start": { "line": 32, "column": 38 }, "end": { "line": 32, "column": null } }
        ],
        "line": 32
      },
      "1": {
        "loc": { "start": { "line": 36, "column": 2 }, "end": { "line": 36, "column": null } },
        "type": "if",
        "locations": [
          { "start": { "line": 36, "column": 2 }, "end": { "line": 36, "column": null } },
          { "start": {}, "end": {} }
        ],
        "line": 36
      },
      "2": {
        "loc": { "start": { "line": 37, "column": 2 }, "end": { "line": 37, "column": null } },
        "type": "if",
        "locations": [
          { "start": { "line": 37, "column": 2 }, "end": { "line": 37, "column": null } },
          { "start": {}, "end": {} }
        ],
        "line": 37
      },
      "3": {
        "loc": { "start": { "line": 38, "column": 9 }, "end": { "line": 38, "column": null } },
        "type": "binary-expr",
        "locations": [
          { "start": { "line": 38, "column": 9 }, "end": { "line": 38, "column": 17 } },
          { "start": { "line": 38, "column": 17 }, "end": { "line": 38, "column": null } }
        ],
        "line": 38
      },
      "4": {
        "loc": { "start": { "line": 67, "column": 15 }, "end": { "line": 67, "column": null } },
        "type": "binary-expr",
        "locations": [
          { "start": { "line": 67, "column": 15 }, "end": { "line": 67, "column": 32 } },
          { "start": { "line": 67, "column": 32 }, "end": { "line": 67, "column": null } }
        ],
        "line": 67
      },
      "5": {
        "loc": { "start": { "line": 80, "column": 11 }, "end": { "line": 87, "column": null } },
        "type": "binary-expr",
        "locations": [
          { "start": { "line": 80, "column": 11 }, "end": { "line": 80, "column": null } },
          { "start": { "line": 81, "column": 12 }, "end": { "line": 87, "column": null } }
        ],
        "line": 80
      },
      "6": {
        "loc": { "start": { "line": 90, "column": 9 }, "end": { "line": 102, "column": null } },
        "type": "binary-expr",
        "locations": [
          { "start": { "line": 90, "column": 9 }, "end": { "line": 90, "column": null } },
          { "start": { "line": 91, "column": 10 }, "end": { "line": 102, "column": null } }
        ],
        "line": 90
      },
      "7": {
        "loc": { "start": { "line": 96, "column": 13 }, "end": { "line": 102, "column": null } },
        "type": "binary-expr",
        "locations": [
          { "start": { "line": 96, "column": 13 }, "end": { "line": 96, "column": null } },
          { "start": { "line": 97, "column": 14 }, "end": { "line": 102, "column": null } }
        ],
        "line": 96
      },
      "8": {
        "loc": { "start": { "line": 104, "column": 9 }, "end": { "line": 114, "column": null } },
        "type": "binary-expr",
        "locations": [
          { "start": { "line": 104, "column": 9 }, "end": { "line": 104, "column": null } },
          { "start": { "line": 105, "column": 10 }, "end": { "line": 114, "column": null } }
        ],
        "line": 104
      },
      "9": {
        "loc": { "start": { "line": 147, "column": 15 }, "end": { "line": 147, "column": null } },
        "type": "binary-expr",
        "locations": [
          { "start": { "line": 147, "column": 15 }, "end": { "line": 147, "column": 32 } },
          { "start": { "line": 147, "column": 32 }, "end": { "line": 147, "column": null } }
        ],
        "line": 147
      },
      "10": {
        "loc": { "start": { "line": 160, "column": 11 }, "end": { "line": 172, "column": null } },
        "type": "binary-expr",
        "locations": [
          { "start": { "line": 160, "column": 11 }, "end": { "line": 160, "column": null } },
          { "start": { "line": 161, "column": 12 }, "end": { "line": 172, "column": null } }
        ],
        "line": 160
      },
      "11": {
        "loc": { "start": { "line": 166, "column": 15 }, "end": { "line": 172, "column": null } },
        "type": "binary-expr",
        "locations": [
          { "start": { "line": 166, "column": 15 }, "end": { "line": 166, "column": null } },
          { "start": { "line": 167, "column": 16 }, "end": { "line": 172, "column": null } }
        ],
        "line": 166
      },
      "12": {
        "loc": { "start": { "line": 175, "column": 9 }, "end": { "line": 182, "column": null } },
        "type": "binary-expr",
        "locations": [
          { "start": { "line": 175, "column": 9 }, "end": { "line": 175, "column": null } },
          { "start": { "line": 176, "column": 10 }, "end": { "line": 182, "column": null } }
        ],
        "line": 175
      },
      "13": {
        "loc": { "start": { "line": 189, "column": 43 }, "end": { "line": 189, "column": 84 } },
        "type": "default-arg",
        "locations": [
          { "start": { "line": 189, "column": 54 }, "end": { "line": 189, "column": 84 } }
        ],
        "line": 189
      },
      "14": {
        "loc": { "start": { "line": 192, "column": 24 }, "end": { "line": 192, "column": null } },
        "type": "binary-expr",
        "locations": [
          { "start": { "line": 192, "column": 24 }, "end": { "line": 192, "column": 45 } },
          { "start": { "line": 192, "column": 45 }, "end": { "line": 192, "column": null } }
        ],
        "line": 192
      },
      "15": {
        "loc": { "start": { "line": 193, "column": 26 }, "end": { "line": 193, "column": null } },
        "type": "binary-expr",
        "locations": [
          { "start": { "line": 193, "column": 26 }, "end": { "line": 193, "column": 49 } },
          { "start": { "line": 193, "column": 49 }, "end": { "line": 193, "column": null } }
        ],
        "line": 193
      },
      "16": {
        "loc": { "start": { "line": 203, "column": 2 }, "end": { "line": 207, "column": null } },
        "type": "if",
        "locations": [
          { "start": { "line": 203, "column": 2 }, "end": { "line": 207, "column": null } },
          { "start": {}, "end": {} }
        ],
        "line": 203
      },
      "17": {
        "loc": { "start": { "line": 215, "column": 7 }, "end": { "line": 261, "column": 19 } },
        "type": "cond-expr",
        "locations": [
          { "start": { "line": 216, "column": 8 }, "end": { "line": 238, "column": 9 } },
          { "start": { "line": 238, "column": 8 }, "end": { "line": 261, "column": 19 } }
        ],
        "line": 215
      },
      "18": {
        "loc": { "start": { "line": 220, "column": 14 }, "end": { "line": 221, "column": null } },
        "type": "binary-expr",
        "locations": [
          { "start": { "line": 220, "column": 14 }, "end": { "line": 220, "column": null } },
          { "start": { "line": 221, "column": 14 }, "end": { "line": 221, "column": null } }
        ],
        "line": 220
      },
      "19": {
        "loc": { "start": { "line": 222, "column": 33 }, "end": { "line": 222, "column": 92 } },
        "type": "cond-expr",
        "locations": [
          { "start": { "line": 222, "column": 69 }, "end": { "line": 222, "column": 90 } },
          { "start": { "line": 222, "column": 90 }, "end": { "line": 222, "column": 92 } }
        ],
        "line": 222
      },
      "20": {
        "loc": { "start": { "line": 232, "column": 25 }, "end": { "line": 232, "column": null } },
        "type": "binary-expr",
        "locations": [
          { "start": { "line": 232, "column": 25 }, "end": { "line": 232, "column": 36 } },
          { "start": { "line": 232, "column": 36 }, "end": { "line": 232, "column": null } }
        ],
        "line": 232
      },
      "21": {
        "loc": { "start": { "line": 242, "column": 14 }, "end": { "line": 243, "column": null } },
        "type": "binary-expr",
        "locations": [
          { "start": { "line": 242, "column": 14 }, "end": { "line": 242, "column": null } },
          { "start": { "line": 243, "column": 14 }, "end": { "line": 243, "column": null } }
        ],
        "line": 242
      },
      "22": {
        "loc": { "start": { "line": 244, "column": 33 }, "end": { "line": 244, "column": 92 } },
        "type": "cond-expr",
        "locations": [
          { "start": { "line": 244, "column": 69 }, "end": { "line": 244, "column": 90 } },
          { "start": { "line": 244, "column": 90 }, "end": { "line": 244, "column": 92 } }
        ],
        "line": 244
      },
      "23": {
        "loc": { "start": { "line": 254, "column": 25 }, "end": { "line": 254, "column": null } },
        "type": "binary-expr",
        "locations": [
          { "start": { "line": 254, "column": 25 }, "end": { "line": 254, "column": 36 } },
          { "start": { "line": 254, "column": 36 }, "end": { "line": 254, "column": null } }
        ],
        "line": 254
      },
      "24": {
        "loc": { "start": { "line": 261, "column": 7 }, "end": { "line": 270, "column": null } },
        "type": "binary-expr",
        "locations": [
          { "start": { "line": 261, "column": 7 }, "end": { "line": 261, "column": 19 } },
          { "start": { "line": 261, "column": 19 }, "end": { "line": 261, "column": null } },
          { "start": { "line": 262, "column": 8 }, "end": { "line": 270, "column": null } }
        ],
        "line": 261
      }
    },
    "s": {
      "0": 0,
      "1": 0,
      "2": 0,
      "3": 0,
      "4": 0,
      "5": 0,
      "6": 0,
      "7": 0,
      "8": 0,
      "9": 0,
      "10": 0,
      "11": 0,
      "12": 0,
      "13": 0,
      "14": 0,
      "15": 0,
      "16": 0,
      "17": 0,
      "18": 0,
      "19": 0,
      "20": 0,
      "21": 0,
      "22": 0,
      "23": 0,
      "24": 0,
      "25": 0,
      "26": 0,
      "27": 0,
      "28": 0,
      "29": 0,
      "30": 0
    },
    "f": {
      "0": 0,
      "1": 0,
      "2": 0,
      "3": 0,
      "4": 0,
      "5": 0,
      "6": 0,
      "7": 0,
      "8": 0,
      "9": 0,
      "10": 0,
      "11": 0
    },
    "b": {
      "0": [0, 0],
      "1": [0, 0],
      "2": [0, 0],
      "3": [0, 0],
      "4": [0, 0],
      "5": [0, 0],
      "6": [0, 0],
      "7": [0, 0],
      "8": [0, 0],
      "9": [0, 0],
      "10": [0, 0],
      "11": [0, 0],
      "12": [0, 0],
      "13": [0],
      "14": [0, 0],
      "15": [0, 0],
      "16": [0, 0],
      "17": [0, 0],
      "18": [0, 0],
      "19": [0, 0],
      "20": [0, 0],
      "21": [0, 0],
      "22": [0, 0],
      "23": [0, 0],
      "24": [0, 0, 0]
    },
    "meta": {
      "lastBranch": 25,
      "lastFunction": 12,
      "lastStatement": 31,
      "seen": {
        "f:31:9:31:26": 0,
        "s:32:2:32:Infinity": 0,
        "b:32:9:32:38:32:38:32:Infinity": 0,
        "f:35:9:35:26": 1,
        "b:36:2:36:Infinity:undefined:undefined:undefined:undefined": 1,
        "s:36:2:36:Infinity": 1,
        "s:36:45:36:Infinity": 2,
        "b:37:2:37:Infinity:undefined:undefined:undefined:undefined": 2,
        "s:37:2:37:Infinity": 3,
        "s:37:46:37:Infinity": 4,
        "s:38:2:38:Infinity": 5,
        "b:38:9:38:17:38:17:38:Infinity": 3,
        "f:41:9:41:22": 2,
        "s:56:2:114:Infinity": 6,
        "b:67:15:67:32:67:32:67:Infinity": 4,
        "b:80:11:80:Infinity:81:12:87:Infinity": 5,
        "b:90:9:90:Infinity:91:10:102:Infinity": 6,
        "b:96:13:96:Infinity:97:14:102:Infinity": 7,
        "b:104:9:104:Infinity:105:10:114:Infinity": 8,
        "f:106:26:106:31": 3,
        "s:107:14:112:Infinity": 7,
        "f:121:9:121:26": 4,
        "s:136:2:182:Infinity": 8,
        "b:147:15:147:32:147:32:147:Infinity": 9,
        "b:160:11:160:Infinity:161:12:172:Infinity": 10,
        "b:166:15:166:Infinity:167:16:172:Infinity": 11,
        "b:175:9:175:Infinity:176:10:182:Infinity": 12,
        "f:189:16:189:30": 5,
        "b:189:54:189:84": 13,
        "s:190:28:190:51": 9,
        "s:191:19:191:85": 10,
        "s:192:24:192:Infinity": 11,
        "b:192:24:192:45:192:45:192:Infinity": 14,
        "s:193:26:193:Infinity": 12,
        "b:193:26:193:49:193:49:193:Infinity": 15,
        "s:195:8:196:Infinity": 13,
        "f:195:8:195:20": 6,
        "s:196:4:196:Infinity": 14,
        "s:199:8:200:Infinity": 15,
        "f:199:8:199:26": 7,
        "s:200:4:200:Infinity": 16,
        "b:203:2:207:Infinity:undefined:undefined:undefined:undefined": 16,
        "s:203:2:207:Infinity": 17,
        "s:204:4:207:Infinity": 18,
        "s:211:18:211:40": 19,
        "s:213:2:270:Infinity": 20,
        "b:216:8:238:9:238:8:261:19": 17,
        "f:217:21:217:26": 8,
        "s:218:32:218:Infinity": 21,
        "s:220:14:221:Infinity": 22,
        "b:220:14:220:Infinity:221:14:221:Infinity": 18,
        "s:222:33:222:92": 23,
        "b:222:69:222:90:222:90:222:92": 19,
        "s:224:12:233:Infinity": 24,
        "f:231:16:231:30": 9,
        "s:231:30:231:80": 25,
        "b:232:25:232:36:232:36:232:Infinity": 20,
        "f:239:21:239:26": 10,
        "s:240:32:240:Infinity": 26,
        "s:242:14:243:Infinity": 27,
        "b:242:14:242:Infinity:243:14:243:Infinity": 21,
        "s:244:33:244:92": 28,
        "b:244:69:244:90:244:90:244:92": 22,
        "s:246:12:255:Infinity": 29,
        "f:253:16:253:30": 11,
        "s:253:30:253:80": 30,
        "b:254:25:254:36:254:36:254:Infinity": 23,
        "b:261:7:261:19:261:19:261:Infinity:262:8:270:Infinity": 24
      }
    }
  },
  "/home/ubuntupunk/Projects/soralia-village/src/components/layout/Footer.tsx": {
    "path": "/home/ubuntupunk/Projects/soralia-village/src/components/layout/Footer.tsx",
    "statementMap": {
      "0": { "start": { "line": 1, "column": 0 }, "end": { "line": 1, "column": null } },
      "1": { "start": { "line": 8, "column": 10 }, "end": { "line": 8, "column": 40 } },
      "2": { "start": { "line": 9, "column": 20 }, "end": { "line": 9, "column": 52 } },
[...]
        "loc": { "start": { "line": 188, "column": 77 }, "end": { "line": 189, "column": null } },
        "line": 188
      },
      "10": {
        "name": "canManageSettings",
        "decl": { "start": { "line": 197, "column": 16 }, "end": { "line": 197, "column": 34 } },
        "loc": { "start": { "line": 197, "column": 76 }, "end": { "line": 198, "column": null } },
        "line": 197
      },
      "11": {
        "name": "getPermissions",
        "decl": { "start": { "line": 206, "column": 16 }, "end": { "line": 206, "column": 31 } },
        "loc": { "start": { "line": 206, "column": 76 }, "end": { "line": 208, "column": null } },
        "line": 206
      }
    },
    "branchMap": {
      "0": {
        "loc": { "start": { "line": 106, "column": 2 }, "end": { "line": 106, "column": null } },
        "type": "if",
        "locations": [
          { "start": { "line": 106, "column": 2 }, "end": { "line": 106, "column": null } },
          { "start": {}, "end": {} }
        ],
        "line": 106
      },
      "1": {
        "loc": { "start": { "line": 108, "column": 9 }, "end": { "line": 108, "column": null } },
        "type": "cond-expr",
        "locations": [
          { "start": { "line": 108, "column": 17 }, "end": { "line": 108, "column": 37 } },
          { "start": { "line": 108, "column": 37 }, "end": { "line": 108, "column": null } }
        ],
        "line": 108
      },
      "2": {
        "loc": { "start": { "line": 207, "column": 2 }, "end": { "line": 207, "column": null } },
        "type": "if",
        "locations": [
          { "start": { "line": 207, "column": 2 }, "end": { "line": 207, "column": null } },
          { "start": {}, "end": {} }
        ],
        "line": 207
      },
      "3": {
        "loc": { "start": { "line": 208, "column": 9 }, "end": { "line": 208, "column": null } },
        "type": "binary-expr",
        "locations": [
          { "start": { "line": 208, "column": 9 }, "end": { "line": 208, "column": 43 } },
          { "start": { "line": 208, "column": 43 }, "end": { "line": 208, "column": null } }
        ],
        "line": 208
      }
    },
    "s": {
      "0": 1,
      "1": 41,
      "2": 2,
      "3": 39,
      "4": 39,
      "5": 3,
      "6": 3,
      "7": 4,
      "8": 3,
      "9": 3,
      "10": 3,
      "11": 2,
      "12": 2,
      "13": 2,
      "14": 3,
      "15": 3,
      "16": 1,
      "17": 2
    },
    "f": {
      "0": 41,
      "1": 3,
      "2": 3,
      "3": 4,
      "4": 3,
      "5": 3,
      "6": 3,
      "7": 2,
      "8": 2,
      "9": 2,
      "10": 3,
      "11": 3
    },
    "b": { "0": [2, 39], "1": [38, 1], "2": [1, 2], "3": [2, 1] },
    "meta": {
      "lastBranch": 4,
      "lastFunction": 12,
      "lastStatement": 18,
      "seen": {
        "s:23:58:94:Infinity": 0,
        "f:102:16:102:Infinity": 0,
        "b:106:2:106:Infinity:undefined:undefined:undefined:undefined": 0,
        "s:106:2:106:Infinity": 1,
        "s:106:13:106:Infinity": 2,
        "s:107:16:107:Infinity": 3,
        "s:108:2:108:Infinity": 4,
        "b:108:17:108:37:108:37:108:Infinity": 1,
        "f:116:16:116:24": 1,
        "s:117:2:117:Infinity": 5,
        "f:125:16:125:31": 2,
        "s:126:2:126:Infinity": 6,
        "f:134:16:134:34": 3,
        "s:135:2:135:Infinity": 7,
        "f:143:16:143:33": 4,
        "s:144:2:144:Infinity": 8,
        "f:152:16:152:32": 5,
        "s:153:2:153:Infinity": 9,
        "f:161:16:161:38": 6,
        "s:162:2:162:Infinity": 10,
        "f:170:16:170:32": 7,
        "s:171:2:171:Infinity": 11,
        "f:179:16:179:34": 8,
        "s:180:2:180:Infinity": 12,
        "f:188:16:188:35": 9,
        "s:189:2:189:Infinity": 13,
        "f:197:16:197:34": 10,
        "s:198:2:198:Infinity": 14,
        "f:206:16:206:31": 11,
        "b:207:2:207:Infinity:undefined:undefined:undefined:undefined": 2,
        "s:207:2:207:Infinity": 15,
        "s:207:13:207:Infinity": 16,
        "s:208:2:208:Infinity": 17,
        "b:208:9:208:43:208:43:208:Infinity": 3
      }
    }
  },
  "/home/ubuntupunk/Projects/soralia-village/src/lib/prisma.ts": {
    "path": "/home/ubuntupunk/Projects/soralia-village/src/lib/prisma.ts",
    "statementMap": {
      "0": { "start": { "line": 4, "column": 24 }, "end": { "line": 4, "column": null } },
      "1": { "start": { "line": 13, "column": 2 }, "end": { "line": 16, "column": 4 } },
      "2": { "start": { "line": 18, "column": 0 }, "end": { "line": 18, "column": null } },
      "3": { "start": { "line": 18, "column": 43 }, "end": { "line": 18, "column": null } }
    },
    "fnMap": {},
    "branchMap": {
      "0": {
        "loc": { "start": { "line": 13, "column": 2 }, "end": { "line": 16, "column": 4 } },
        "type": "binary-expr",
        "locations": [
          { "start": { "line": 13, "column": 2 }, "end": { "line": 13, "column": null } },
          { "start": { "line": 14, "column": 2 }, "end": { "line": 16, "column": 4 } }
        ],
        "line": 13
      },
      "1": {
        "loc": { "start": { "line": 15, "column": 4 }, "end": { "line": 15, "column": 88 } },
        "type": "cond-expr",
        "locations": [
          { "start": { "line": 15, "column": 50 }, "end": { "line": 15, "column": 79 } },
          { "start": { "line": 15, "column": 79 }, "end": { "line": 15, "column": 88 } }
        ],
        "line": 15
      },
      "2": {
        "loc": { "start": { "line": 18, "column": 0 }, "end": { "line": 18, "column": null } },
        "type": "if",
        "locations": [
          { "start": { "line": 18, "column": 0 }, "end": { "line": 18, "column": null } },
          { "start": {}, "end": {} }
        ],
        "line": 18
      }
    },
    "s": { "0": 0, "1": 0, "2": 0, "3": 0 },
    "f": {},
    "b": { "0": [0, 0], "1": [0, 0], "2": [0, 0] },
    "meta": {
      "lastBranch": 3,
      "lastFunction": 0,
      "lastStatement": 4,
      "seen": {
        "s:4:24:4:Infinity": 0,
        "s:13:2:16:4": 1,
        "b:13:2:13:Infinity:14:2:16:4": 0,
        "b:15:50:15:79:15:79:15:88": 1,
        "b:18:0:18:Infinity:undefined:undefined:undefined:undefined": 2,
        "s:18:0:18:Infinity": 2,
        "s:18:43:18:Infinity": 3
      }
    }
  },
  "/home/ubuntupunk/Projects/soralia-village/src/lib/schemas.ts": {
    "path": "/home/ubuntupunk/Projects/soralia-village/src/lib/schemas.ts",
    "statementMap": {
      "0": { "start": { "line": 4, "column": 29 }, "end": { "line": 12, "column": 2 } },
      "1": { "start": { "line": 23, "column": 27 }, "end": { "line": 28, "column": 2 } },
      "2": { "start": { "line": 40, "column": 40 }, "end": { "line": 46, "column": 2 } },
      "3": { "start": { "line": 58, "column": 29 }, "end": { "line": 64, "column": 2 } },
      "4": { "start": { "line": 77, "column": 33 }, "end": { "line": 84, "column": 2 } }
    },
    "fnMap": {},
    "branchMap": {},
    "s": { "0": 1, "1": 1, "2": 1, "3": 1, "4": 1 },
    "f": {},
    "b": {},
    "meta": {
      "lastBranch": 0,
      "lastFunction": 0,
      "lastStatement": 5,
      "seen": {
        "s:4:29:12:2": 0,
        "s:23:27:28:2": 1,
        "s:40:40:46:2": 2,
        "s:58:29:64:2": 3,
        "s:77:33:84:2": 4
      }
    }
  },
  "/home/ubuntupunk/Projects/soralia-village/src/lib/supabase.ts": {
    "path": "/home/ubuntupunk/Projects/soralia-village/src/lib/supabase.ts",
    "statementMap": {
      "0": { "start": { "line": 4, "column": 20 }, "end": { "line": 4, "column": null } },
      "1": { "start": { "line": 6, "column": 24 }, "end": { "line": 6, "column": null } },
      "2": { "start": { "line": 12, "column": 13 }, "end": { "line": 12, "column": 66 } }
    },
    "fnMap": {},
    "branchMap": {},
    "s": { "0": 0, "1": 0, "2": 0 },
    "f": {},
    "b": {},
    "meta": {
      "lastBranch": 0,
      "lastFunction": 0,
      "lastStatement": 3,
      "seen": { "s:4:20:4:Infinity": 0, "s:6:24:6:Infinity": 1, "s:12:13:12:66": 2 }
    }
  },
  "/home/ubuntupunk/Projects/soralia-village/src/lib/useContactSettings.ts": {
    "path": "/home/ubuntupunk/Projects/soralia-village/src/lib/useContactSettings.ts",
    "statementMap": {
      "0": { "start": { "line": 1, "column": 0 }, "end": { "line": 1, "column": null } },
      "1": { "start": { "line": 14, "column": 41 }, "end": { "line": 19, "column": null } },
      "2": { "start": { "line": 27, "column": 19 }, "end": { "line": 27, "column": 76 } },
      "3": { "start": { "line": 28, "column": 18 }, "end": { "line": 28, "column": 46 } },
      "4": { "start": { "line": 30, "column": 2 }, "end": { "line": 40, "column": null } },
      "5": { "start": { "line": 31, "column": 4 }, "end": { "line": 39, "column": null } },
      "6": { "start": { "line": 32, "column": 19 }, "end": { "line": 32, "column": 29 } },
      "7": { "start": { "line": 34, "column": 8 }, "end": { "line": 35, "column": null } },
      "8": { "start": { "line": 35, "column": 10 }, "end": { "line": 35, "column": null } },
      "9": { "start": { "line": 35, "column": 31 }, "end": { "line": 35, "column": 53 } },
      "10": { "start": { "line": 39, "column": 21 }, "end": { "line": 39, "column": 38 } },
      "11": { "start": { "line": 42, "column": 2 }, "end": { "line": 42, "column": null } }
    },
    "fnMap": {
      "0": {
        "name": "useContactSettings",
        "decl": { "start": { "line": 26, "column": 16 }, "end": { "line": 26, "column": 37 } },
        "loc": { "start": { "line": 26, "column": 37 }, "end": { "line": 42, "column": null } },
        "line": 26
      },
      "1": {
        "name": "(anonymous_1)",
        "decl": { "start": { "line": 30, "column": 2 }, "end": { "line": 30, "column": 18 } },
        "loc": { "start": { "line": 30, "column": 18 }, "end": { "line": 40, "column": 7 } },
        "line": 30
      },
      "2": {
        "name": "(anonymous_2)",
        "decl": { "start": { "line": 32, "column": 7 }, "end": { "line": 32, "column": 12 } },
        "loc": { "start": { "line": 32, "column": 19 }, "end": { "line": 32, "column": 29 } },
        "line": 32
      },
      "3": {
        "name": "(anonymous_3)",
        "decl": { "start": { "line": 33, "column": 7 }, "end": { "line": 33, "column": 12 } },
        "loc": { "start": { "line": 33, "column": 20 }, "end": { "line": 37, "column": null } },
        "line": 33
      },
      "4": {
        "name": "(anonymous_4)",
        "decl": { "start": { "line": 35, "column": 10 }, "end": { "line": 35, "column": 22 } },
        "loc": { "start": { "line": 35, "column": 31 }, "end": { "line": 35, "column": 53 } },
        "line": 35
      },
      "5": {
        "name": "(anonymous_5)",
        "decl": { "start": { "line": 39, "column": 7 }, "end": { "line": 39, "column": 21 } },
        "loc": { "start": { "line": 39, "column": 21 }, "end": { "line": 39, "column": 38 } },
        "line": 39
      }
    },
    "branchMap": {
      "0": {
        "loc": { "start": { "line": 34, "column": 8 }, "end": { "line": 35, "column": null } },
        "type": "if",
        "locations": [
          { "start": { "line": 34, "column": 8 }, "end": { "line": 35, "column": null } },
          { "start": {}, "end": {} }
        ],
        "line": 34
      }
    },
    "s": {
      "0": 0,
      "1": 0,
      "2": 0,
      "3": 0,
      "4": 0,
      "5": 0,
      "6": 0,
      "7": 0,
      "8": 0,
      "9": 0,
      "10": 0,
      "11": 0
    },
    "f": { "0": 0, "1": 0, "2": 0, "3": 0, "4": 0, "5": 0 },
    "b": { "0": [0, 0] },
    "meta": {
      "lastBranch": 1,
      "lastFunction": 6,
      "lastStatement": 12,
      "seen": {
        "s:1:0:1:Infinity": 0,
        "s:14:41:19:Infinity": 1,
        "f:26:16:26:37": 0,
        "s:27:19:27:76": 2,
        "s:28:18:28:46": 3,
        "s:30:2:40:Infinity": 4,
        "f:30:2:30:18": 1,
        "s:31:4:39:Infinity": 5,
        "f:32:7:32:12": 2,
        "s:32:19:32:29": 6,
        "f:33:7:33:12": 3,
        "b:34:8:35:Infinity:undefined:undefined:undefined:undefined": 0,
        "s:34:8:35:Infinity": 7,
        "s:35:10:35:Infinity": 8,
        "f:35:10:35:22": 4,
        "s:35:31:35:53": 9,
        "f:39:7:39:21": 5,
        "s:39:21:39:38": 10,
        "s:42:2:42:Infinity": 11
      }
    }
  },
  "/home/ubuntupunk/Projects/soralia-village/src/lib/useTranslation.ts": {
    "path": "/home/ubuntupunk/Projects/soralia-village/src/lib/useTranslation.ts",
    "statementMap": {
      "0": { "start": { "line": 1, "column": 0 }, "end": { "line": 1, "column": null } },
      "1": { "start": { "line": 13, "column": 13 }, "end": { "line": 13, "column": 45 } },
      "2": { "start": { "line": 14, "column": 18 }, "end": { "line": 14, "column": 47 } },
      "3": { "start": { "line": 16, "column": 2 }, "end": { "line": 26, "column": null } },
      "4": { "start": { "line": 17, "column": 4 }, "end": { "line": 23, "column": null } },
      "5": { "start": { "line": 18, "column": 6 }, "end": { "line": 18, "column": null } },
      "6": { "start": { "line": 20, "column": 12 }, "end": { "line": 20, "column": 48 } },
      "7": { "start": { "line": 20, "column": 32 }, "end": { "line": 20, "column": 48 } },
      "8": { "start": { "line": 21, "column": 6 }, "end": { "line": 21, "column": null } },
      "9": { "start": { "line": 22, "column": 6 }, "end": { "line": 23, "column": null } },
      "10": { "start": { "line": 23, "column": 8 }, "end": { "line": 23, "column": null } },
      "11": { "start": { "line": 28, "column": 2 }, "end": { "line": 34, "column": null } },
      "12": { "start": { "line": 43, "column": 10 }, "end": { "line": 43, "column": 42 } },
      "13": { "start": { "line": 44, "column": 18 }, "end": { "line": 44, "column": 47 } },
      "14": { "start": { "line": 46, "column": 2 }, "end": { "line": 56, "column": null } },
      "15": { "start": { "line": 47, "column": 4 }, "end": { "line": 53, "column": null } },
      "16": { "start": { "line": 48, "column": 6 }, "end": { "line": 48, "column": null } },
      "17": { "start": { "line": 50, "column": 12 }, "end": { "line": 50, "column": 48 } },
      "18": { "start": { "line": 50, "column": 32 }, "end": { "line": 50, "column": 48 } },
      "19": { "start": { "line": 51, "column": 6 }, "end": { "line": 51, "column": null } },
      "20": { "start": { "line": 52, "column": 6 }, "end": { "line": 53, "column": null } },
      "21": { "start": { "line": 53, "column": 8 }, "end": { "line": 53, "column": null } },
      "22": { "start": { "line": 58, "column": 2 }, "end": { "line": 62, "column": null } }
    },
    "fnMap": {
      "0": {
        "name": "useTranslation",
        "decl": { "start": { "line": 12, "column": 16 }, "end": { "line": 12, "column": 33 } },
        "loc": { "start": { "line": 12, "column": 33 }, "end": { "line": 34, "column": null } },
        "line": 12
      },
      "1": {
        "name": "(anonymous_1)",
        "decl": { "start": { "line": 16, "column": 2 }, "end": { "line": 16, "column": 18 } },
        "loc": { "start": { "line": 16, "column": 18 }, "end": { "line": 26, "column": 6 } },
        "line": 16
      },
      "2": {
        "name": "(anonymous_2)",
        "decl": { "start": { "line": 20, "column": 12 }, "end": { "line": 20, "column": 32 } },
        "loc": { "start": { "line": 20, "column": 32 }, "end": { "line": 20, "column": 48 } },
        "line": 20
      },
      "3": {
        "name": "(anonymous_3)",
        "decl": { "start": { "line": 22, "column": 6 }, "end": { "line": 22, "column": 19 } },
        "loc": { "start": { "line": 22, "column": 19 }, "end": { "line": 23, "column": null } },
        "line": 22
      },
      "4": {
        "name": "useLanguage",
        "decl": { "start": { "line": 42, "column": 16 }, "end": { "line": 42, "column": 30 } },
        "loc": { "start": { "line": 42, "column": 30 }, "end": { "line": 62, "column": null } },
        "line": 42
      },
      "5": {
        "name": "(anonymous_5)",
        "decl": { "start": { "line": 46, "column": 2 }, "end": { "line": 46, "column": 18 } },
        "loc": { "start": { "line": 46, "column": 18 }, "end": { "line": 56, "column": 6 } },
        "line": 46
      },
      "6": {
        "name": "(anonymous_6)",
        "decl": { "start": { "line": 50, "column": 12 }, "end": { "line": 50, "column": 32 } },
        "loc": { "start": { "line": 50, "column": 32 }, "end": { "line": 50, "column": 48 } },
        "line": 50
      },
      "7": {
        "name": "(anonymous_7)",
        "decl": { "start": { "line": 52, "column": 6 }, "end": { "line": 52, "column": 19 } },
        "loc": { "start": { "line": 52, "column": 19 }, "end": { "line": 53, "column": null } },
        "line": 52
      }
    },
    "branchMap": {
      "0": {
        "loc": { "start": { "line": 17, "column": 4 }, "end": { "line": 23, "column": null } },
        "type": "if",
        "locations": [
          { "start": { "line": 17, "column": 4 }, "end": { "line": 23, "column": null } },
          { "start": { "line": 19, "column": 11 }, "end": { "line": 23, "column": null } }
        ],
        "line": 17
      },
      "1": {
        "loc": { "start": { "line": 31, "column": 14 }, "end": { "line": 31, "column": null } },
        "type": "binary-expr",
        "locations": [
          { "start": { "line": 31, "column": 14 }, "end": { "line": 31, "column": 31 } },
          { "start": { "line": 31, "column": 31 }, "end": { "line": 31, "column": null } }
        ],
        "line": 31
      },
      "2": {
        "loc": { "start": { "line": 47, "column": 4 }, "end": { "line": 53, "column": null } },
        "type": "if",
        "locations": [
          { "start": { "line": 47, "column": 4 }, "end": { "line": 53, "column": null } },
          { "start": { "line": 49, "column": 11 }, "end": { "line": 53, "column": null } }
        ],
        "line": 47
      },
      "3": {
        "loc": { "start": { "line": 59, "column": 14 }, "end": { "line": 59, "column": null } },
        "type": "binary-expr",
        "locations": [
          { "start": { "line": 59, "column": 14 }, "end": { "line": 59, "column": 31 } },
          { "start": { "line": 59, "column": 31 }, "end": { "line": 59, "column": null } }
        ],
        "line": 59
      }
    },
    "s": {
      "0": 0,
      "1": 0,
      "2": 0,
      "3": 0,
      "4": 0,
      "5": 0,
      "6": 0,
      "7": 0,
      "8": 0,
      "9": 0,
      "10": 0,
      "11": 0,
      "12": 0,
      "13": 0,
      "14": 0,
      "15": 0,
      "16": 0,
      "17": 0,
      "18": 0,
      "19": 0,
      "20": 0,
      "21": 0,
      "22": 0
    },
    "f": { "0": 0, "1": 0, "2": 0, "3": 0, "4": 0, "5": 0, "6": 0, "7": 0 },
    "b": { "0": [0, 0], "1": [0, 0], "2": [0, 0], "3": [0, 0] },
    "meta": {
      "lastBranch": 4,
      "lastFunction": 8,
      "lastStatement": 23,
      "seen": {
        "s:1:0:1:Infinity": 0,
        "f:12:16:12:33": 0,
        "s:13:13:13:45": 1,
        "s:14:18:14:47": 2,
        "s:16:2:26:Infinity": 3,
        "f:16:2:16:18": 1,
        "b:17:4:23:Infinity:19:11:23:Infinity": 0,
        "s:17:4:23:Infinity": 4,
        "s:18:6:18:Infinity": 5,
        "s:20:12:20:48": 6,
        "f:20:12:20:32": 2,
        "s:20:32:20:48": 7,
        "s:21:6:21:Infinity": 8,
        "s:22:6:23:Infinity": 9,
        "f:22:6:22:19": 3,
        "s:23:8:23:Infinity": 10,
        "s:28:2:34:Infinity": 11,
        "b:31:14:31:31:31:31:31:Infinity": 1,
        "f:42:16:42:30": 4,
        "s:43:10:43:42": 12,
        "s:44:18:44:47": 13,
        "s:46:2:56:Infinity": 14,
        "f:46:2:46:18": 5,
        "b:47:4:53:Infinity:49:11:53:Infinity": 2,
        "s:47:4:53:Infinity": 15,
        "s:48:6:48:Infinity": 16,
        "s:50:12:50:48": 17,
        "f:50:12:50:32": 6,
        "s:50:32:50:48": 18,
        "s:51:6:51:Infinity": 19,
        "s:52:6:53:Infinity": 20,
        "f:52:6:52:19": 7,
        "s:53:8:53:Infinity": 21,
        "s:58:2:62:Infinity": 22,
        "b:59:14:59:31:59:31:59:Infinity": 3
      }
    }
  }
}
